[2022-06-27 05:37:43] This is codeql execute queries -J-Xmx4045M --off-heap-ram=4045 --verbosity=progress --logdir=C:\CQL\codeql_home\Windows-Driver-Developer-Supplemental-Tools\codeql\windows-drivers\queries\codeql-custom-queries-cpp\databases\sizeofonpointer\log --evaluator-log-level=1 --ml-model-path=C:\CQL\codeql_home\codeql --native-library-path=C:\CQL\codeql_home\codeql --warnings=show --qlconfig-file=C:\CQL\codeql_home\codeql\qlconfig.yml --no-rerun --output=C:\CQL\codeql_home\Windows-Driver-Developer-Supplemental-Tools\codeql\windows-drivers\queries\codeql-custom-queries-cpp\databases\sizeofonpointer\results -- C:\CQL\codeql_home\Windows-Driver-Developer-Supplemental-Tools\codeql\windows-drivers\queries\codeql-custom-queries-cpp\databases\sizeofonpointer\db-cpp C:\CQL\codeql_home\Windows-Driver-Developer-Supplemental-Tools\codeql\windows-drivers\queries\codeql-custom-queries-cpp\sizeofonpointer\query\sizeofonpointer.ql
[2022-06-27 05:37:43] Calling plumbing command: codeql resolve queries --qlconfig-file=C:\CQL\codeql_home\codeql\qlconfig.yml --format=json -- C:\CQL\codeql_home\Windows-Driver-Developer-Supplemental-Tools\codeql\windows-drivers\queries\codeql-custom-queries-cpp\sizeofonpointer\query\sizeofonpointer.ql
[2022-06-27 05:37:44] Plumbing command codeql resolve queries completed:
                      [
                        "C:\\CQL\\codeql_home\\Windows-Driver-Developer-Supplemental-Tools\\codeql\\windows-drivers\\queries\\codeql-custom-queries-cpp\\sizeofonpointer\\query\\sizeofonpointer.ql"
                      ]
[2022-06-27 05:37:44] Creating executor with 1 threads.
[2022-06-27 05:37:44] Calling plumbing command: codeql resolve library-path --qlconfig-file=C:\CQL\codeql_home\codeql\qlconfig.yml --query=C:\CQL\codeql_home\Windows-Driver-Developer-Supplemental-Tools\codeql\windows-drivers\queries\codeql-custom-queries-cpp\sizeofonpointer\query\sizeofonpointer.ql --format=json
[2022-06-27 05:37:44] [DETAILS] resolve library-path> Resolving query at normalized path C:\CQL\codeql_home\Windows-Driver-Developer-Supplemental-Tools\codeql\windows-drivers\queries\codeql-custom-queries-cpp\sizeofonpointer\query\sizeofonpointer.ql.
[2022-06-27 05:37:44] [DETAILS] resolve library-path> Found enclosing pack 'windows-drivers' at C:\CQL\codeql_home\Windows-Driver-Developer-Supplemental-Tools\codeql\windows-drivers\queries.
[2022-06-27 05:37:44] [DETAILS] resolve library-path> Adding compilation cache at C:\CQL\codeql_home\Windows-Driver-Developer-Supplemental-Tools\codeql\windows-drivers\queries\.cache.
[2022-06-27 05:37:44] [DETAILS] resolve library-path> Resolving library dependencies from C:\CQL\codeql_home\Windows-Driver-Developer-Supplemental-Tools\codeql\windows-drivers\queries\qlpack.yml.
[2022-06-27 05:37:44] [DETAILS] resolve library-path> QL pack dependencies for C:\CQL\codeql_home\Windows-Driver-Developer-Supplemental-Tools\codeql\windows-drivers\queries resolved OK.
[2022-06-27 05:37:44] [DETAILS] resolve library-path> Found dbscheme through QL packs: C:\CQL\codeql_home\Windows-Driver-Developer-Supplemental-Tools\codeql\codeql-queries\cpp\ql\lib\semmlecode.cpp.dbscheme.
[2022-06-27 05:37:44] Plumbing command codeql resolve library-path completed:
                      {
                        "libraryPath" : [
                          "C:\\CQL\\codeql_home\\Windows-Driver-Developer-Supplemental-Tools\\codeql\\windows-drivers\\queries",
                          "C:\\CQL\\codeql_home\\Windows-Driver-Developer-Supplemental-Tools\\codeql\\codeql-queries\\cpp\\ql\\lib",
                          "C:\\CQL\\codeql_home\\Windows-Driver-Developer-Supplemental-Tools\\codeql\\codeql-queries\\cpp\\upgrades"
                        ],
                        "dbscheme" : "C:\\CQL\\codeql_home\\Windows-Driver-Developer-Supplemental-Tools\\codeql\\codeql-queries\\cpp\\ql\\lib\\semmlecode.cpp.dbscheme",
                        "compilationCache" : [
                          "C:\\CQL\\codeql_home\\Windows-Driver-Developer-Supplemental-Tools\\codeql\\windows-drivers\\queries\\.cache"
                        ],
                        "relativeName" : "windows-drivers\\codeql-custom-queries-cpp\\sizeofonpointer\\query\\sizeofonpointer.ql",
                        "qlPackName" : "windows-drivers"
                      }
[2022-06-27 05:37:44] [PROGRESS] execute queries> Compiling query plan for C:\CQL\codeql_home\Windows-Driver-Developer-Supplemental-Tools\codeql\windows-drivers\queries\codeql-custom-queries-cpp\sizeofonpointer\query\sizeofonpointer.ql.
[2022-06-27 05:37:44] [DETAILS] execute queries> Resolving imports for C:\CQL\codeql_home\Windows-Driver-Developer-Supplemental-Tools\codeql\windows-drivers\queries\codeql-custom-queries-cpp\sizeofonpointer\query\sizeofonpointer.ql.
[2022-06-27 05:37:45] Resolved file set for C:\CQL\codeql_home\Windows-Driver-Developer-Supplemental-Tools\codeql\windows-drivers\queries\codeql-custom-queries-cpp\sizeofonpointer\query\sizeofonpointer.ql hashes to eef1e5bd8ab11e1aa1575073982d9d0ce2366661.
[2022-06-27 05:37:46] [DETAILS] execute queries> Compilation cache hit for C:\CQL\codeql_home\Windows-Driver-Developer-Supplemental-Tools\codeql\windows-drivers\queries\codeql-custom-queries-cpp\sizeofonpointer\query\sizeofonpointer.ql.
[2022-06-27 05:37:46] [PROGRESS] execute queries> [1/1] Found in cache: C:\CQL\codeql_home\Windows-Driver-Developer-Supplemental-Tools\codeql\windows-drivers\queries\codeql-custom-queries-cpp\sizeofonpointer\query\sizeofonpointer.ql.
[2022-06-27 05:37:46] Of 379 predicates, 0 are used in more than one query.
[2022-06-27 05:37:46] [PROGRESS] execute queries> Starting evaluation of windows-drivers\codeql-custom-queries-cpp\sizeofonpointer\query\sizeofonpointer.ql.
[2022-06-27 05:37:46] Starting evaluation of C:\CQL\codeql_home\Windows-Driver-Developer-Supplemental-Tools\codeql\windows-drivers\queries\codeql-custom-queries-cpp\sizeofonpointer\query\sizeofonpointer.ql
[2022-06-27 05:37:46] (0s) Start query execution
[2022-06-27 05:37:46] (0s) Beginning execution of ResolveClass::Cached::resolveClass#ff ResolveClass::Cached::isClass#f ResolveClass::Cached::isType#f
[2022-06-27 05:37:46] (0s)  >>> Created relation usertypes/3@30a591 with 8201 rows.
[2022-06-27 05:37:46] (0s) Starting to evaluate predicate usertypes_20#join_rhs/2@40ef75
[2022-06-27 05:37:46] (0s)  >>> Created relation usertypes_20#join_rhs/2@40ef75 with 8201 rows.
[2022-06-27 05:37:46] (0s) Starting to evaluate predicate ResolveClass::Cached::isClass#f/1@35d2e0
[2022-06-27 05:37:46] (0s)  >>> Created relation ResolveClass::Cached::isClass#f/1@35d2e0 with 2530 rows.
[2022-06-27 05:37:46] (0s) No need to promote strings for predicate ResolveClass::Cached::isClass#f  as it does not contain computed strings.
[2022-06-27 05:37:46] (0s)  >>> Created relation ResolveClass::Cached::isClass#f/1@d4f730 with 2530 rows.
[2022-06-27 05:37:46] (0s)  >>> Created relation routinetypes/2@12dccd with 1259 rows.
[2022-06-27 05:37:46] (0s)  >>> Created relation ptrtomembers/3@1f59fc with 0 rows.
[2022-06-27 05:37:46] (0s)  >>> Created relation decltypes/4@5f3a05 with 0 rows.
[2022-06-27 05:37:46] (0s)  >>> Created relation derivedtypes/4@070e12 with 11334 rows.
[2022-06-27 05:37:46] (0s)  >>> Created relation builtintypes/6@324eec with 47 rows.
[2022-06-27 05:37:46] (0s) Starting to evaluate predicate @type#f/1@144788
[2022-06-27 05:37:46] (0s)  >>> Created relation @type#f/1@144788 with 20837 rows.
[2022-06-27 05:37:46] (0s)  >>> Created relation is_complete/1@1fb8fe with 2474 rows.
[2022-06-27 05:37:46] (0s)  >>> Created relation mangled_name/2@6ff213 with 7604 rows.
[2022-06-27 05:37:46] (0s) Starting to evaluate predicate ResolveClass::getClassMangledName#ff/2@43e165
[2022-06-27 05:37:46] (0s)  >>> Created relation ResolveClass::getClassMangledName#ff/2@43e165 with 1967 rows.
[2022-06-27 05:37:46] (0s) Starting to evaluate predicate ResolveClass::onlyOneCompleteClassExistsWithMangledName#f#count_range/2@6a26c9
[2022-06-27 05:37:46] (0s)  >>> Created relation ResolveClass::onlyOneCompleteClassExistsWithMangledName#f#count_range/2@6a26c9 with 1911 rows.
[2022-06-27 05:37:46] (0s) Starting to evaluate predicate ResolveClass::onlyOneCompleteClassExistsWithMangledName#f#join_rhs/2@e73683
[2022-06-27 05:37:46] (0s)  >>> Created relation ResolveClass::onlyOneCompleteClassExistsWithMangledName#f#join_rhs/2@e73683 with 1866 rows.
[2022-06-27 05:37:46] (0s) Starting to evaluate predicate ResolveClass::onlyOneCompleteClassExistsWithMangledName#f/1@8b7ab9
[2022-06-27 05:37:46] (0s)  >>> Created relation ResolveClass::onlyOneCompleteClassExistsWithMangledName#f/1@8b7ab9 with 1821 rows.
[2022-06-27 05:37:46] (0s) Starting to evaluate predicate ResolveClass::existsCompleteWithMangledName#ff/2@e70c71
[2022-06-27 05:37:46] (0s)  >>> Created relation ResolveClass::existsCompleteWithMangledName#ff/2@e70c71 with 1821 rows.
[2022-06-27 05:37:46] (0s) Starting to evaluate predicate ResolveClass::existsIncompleteWithMangledName#ff/2@2931d6
[2022-06-27 05:37:46] (0s)  >>> Created relation ResolveClass::existsIncompleteWithMangledName#ff/2@2931d6 with 56 rows.
[2022-06-27 05:37:46] (0s) Starting to evaluate predicate ResolveClass::hasCompleteTwin#ff/2@8774fd
[2022-06-27 05:37:46] (0s)  >>> Created relation ResolveClass::hasCompleteTwin#ff/2@8774fd with 0 rows.
[2022-06-27 05:37:46] (0s) Inferred that project#ResolveClass::hasCompleteTwin#ff/1@30b882 is empty, due to ResolveClass::hasCompleteTwin#ff/2@8774fd.
[2022-06-27 05:37:46] (0s)  >>> Created relation project#ResolveClass::hasCompleteTwin#ff/1@30b882 with 0 rows.
[2022-06-27 05:37:46] (0s) Starting to evaluate predicate mangled_name#nonempty/0@6bcb7d
[2022-06-27 05:37:46] (0s)  >>> Created relation mangled_name#nonempty/0@6bcb7d with 1 rows.
[2022-06-27 05:37:46] (0s) Starting to evaluate predicate ResolveClass::getTopLevelClassName#ff#shared/0@b137d4
[2022-06-27 05:37:46] (0s)  >>> Created relation ResolveClass::getTopLevelClassName#ff#shared/0@b137d4 with 0 rows.
[2022-06-27 05:37:46] (0s) Inferred that ResolveClass::getTopLevelClassName#ff/2@9ca776 is empty, due to ResolveClass::getTopLevelClassName#ff#shared/0@b137d4.
[2022-06-27 05:37:46] (0s) Inferred that ResolveClass::existsIncompleteWithName#ff/2@a98c8f is empty, due to ResolveClass::getTopLevelClassName#ff/2@9ca776.
[2022-06-27 05:37:46] (0s) Inferred that ResolveClass::onlyOneCompleteClassExistsWithName#f#count_range/2@a878d3 is empty, due to ResolveClass::getTopLevelClassName#ff/2@9ca776.
[2022-06-27 05:37:46] (0s) Inferred that ResolveClass::oldHasCompleteTwin#ff/2@d4664d is empty, due to ResolveClass::existsIncompleteWithName#ff/2@a98c8f.
[2022-06-27 05:37:46] (0s) Inferred that ResolveClass::onlyOneCompleteClassExistsWithName#f#join_rhs/2@ddb162 is empty, due to ResolveClass::onlyOneCompleteClassExistsWithName#f#count_range/2@a878d3.
[2022-06-27 05:37:46] (0s) Inferred that project#ResolveClass::oldHasCompleteTwin#ff/1@b8a6a3 is empty, due to ResolveClass::oldHasCompleteTwin#ff/2@d4664d.
[2022-06-27 05:37:46] (0s) Inferred that ResolveClass::onlyOneCompleteClassExistsWithName#f/1@2f26b4 is empty, due to ResolveClass::onlyOneCompleteClassExistsWithName#f#join_rhs/2@ddb162.
[2022-06-27 05:37:46] (0s) Inferred that ResolveClass::existsCompleteWithName#ff/2@73a825 is empty, due to ResolveClass::onlyOneCompleteClassExistsWithName#f/1@2f26b4.
[2022-06-27 05:37:46] (0s)  >>> Created relation ResolveClass::onlyOneCompleteClassExistsWithName#f#join_rhs/2@ddb162 with 0 rows.
[2022-06-27 05:37:46] (0s)  >>> Created relation ResolveClass::existsCompleteWithName#ff/2@73a825 with 0 rows.
[2022-06-27 05:37:46] (0s)  >>> Created relation ResolveClass::onlyOneCompleteClassExistsWithName#f/1@2f26b4 with 0 rows.
[2022-06-27 05:37:46] (0s)  >>> Created relation ResolveClass::oldHasCompleteTwin#ff/2@d4664d with 0 rows.
[2022-06-27 05:37:46] (0s)  >>> Created relation ResolveClass::onlyOneCompleteClassExistsWithName#f#count_range/2@a878d3 with 0 rows.
[2022-06-27 05:37:46] (0s)  >>> Created relation ResolveClass::existsIncompleteWithName#ff/2@a98c8f with 0 rows.
[2022-06-27 05:37:46] (0s)  >>> Created relation project#ResolveClass::oldHasCompleteTwin#ff/1@b8a6a3 with 0 rows.
[2022-06-27 05:37:46] (0s)  >>> Created relation ResolveClass::getTopLevelClassName#ff/2@9ca776 with 0 rows.
[2022-06-27 05:37:46] (0s) Starting to evaluate predicate ResolveClass::Cached::resolveClass#ff/2@155c3a
[2022-06-27 05:37:46] (0s)  >>> Created relation ResolveClass::Cached::resolveClass#ff/2@155c3a with 8201 rows.
[2022-06-27 05:37:46] (0s) No need to promote strings for predicate ResolveClass::Cached::resolveClass#ff  as it does not contain computed strings.
[2022-06-27 05:37:46] (0s)  >>> Created relation ResolveClass::Cached::resolveClass#ff/2@6217ef with 8201 rows.
[2022-06-27 05:37:46] (0s) Starting to evaluate predicate project#ResolveClass::Cached::resolveClass#ff/1@07782c
[2022-06-27 05:37:46] (0s)  >>> Created relation project#ResolveClass::Cached::resolveClass#ff/1@07782c with 8201 rows.
[2022-06-27 05:37:46] (0s) Starting to evaluate predicate ResolveClass::Cached::isType#f/1@3d5e47
[2022-06-27 05:37:46] (0s)  >>> Created relation ResolveClass::Cached::isType#f/1@3d5e47 with 20837 rows.
[2022-06-27 05:37:46] (0s) No need to promote strings for predicate ResolveClass::Cached::isType#f  as it does not contain computed strings.
[2022-06-27 05:37:46] (0s)  >>> Created relation ResolveClass::Cached::isType#f/1@98e122 with 20837 rows.
[2022-06-27 05:37:46] CSV_CACHE_DIFF: Operation,Overall time,NONE,LOAD_EXTENSIONAL,PAGE_RELATION,SORT_RELATION,NODUPS_RELATION,GLOBAL_DISK_SYNC,GLOBAL_TRIM_DISK,GLOBAL_TRIM_STRINGS,GLOBAL_EVICTOR,SCAN_DISK,IO_TRIMMING,IO_WRITING
[2022-06-27 05:37:46] CSV_CACHE_DIFF: ResolveClass::Cached::resolveClass#ff ResolveClass::Cached::isClass#f ResolveClass::Cached::isType#f (sizeofonpointer.ql),0.429,0.191,0.18,0,0.019,0,0,0,0,0,0,0,0
[2022-06-27 05:37:46] CSV_IMB_QUERIES: Query type,Query predicate,Query name,Stage,Success,Time,Number of results,Cumulative time in query
[2022-06-27 05:37:46] CSV_IMB_QUERIES: Stage,ResolveClass::Cached::resolveClass#ff ResolveClass::Cached::isClass#f ResolveClass::Cached::isType#f,sizeofonpointer.ql,1,Success,0.429,31568,455
[2022-06-27 05:37:46] (0s) Beginning execution of Expr::Expr::getType_dispred#ff
[2022-06-27 05:37:46] (0s)  >>> Created relation expr_types/3@d2d123 with 33411 rows.
[2022-06-27 05:37:46] (0s) Starting to evaluate predicate usertypes_0#antijoin_rhs/1@03a80e
[2022-06-27 05:37:46] (0s)  >>> Created relation usertypes_0#antijoin_rhs/1@03a80e with 8201 rows.
[2022-06-27 05:37:46] (0s) Starting to evaluate predicate Expr::Expr::getType#ff/2@0becf2
[2022-06-27 05:37:46] (0s)  >>> Created relation Expr::Expr::getType#ff/2@0becf2 with 33411 rows.
[2022-06-27 05:37:46] (0s) Starting to evaluate predicate Type::RoutineType#class#f/1@f30468
[2022-06-27 05:37:46] (0s)  >>> Created relation Type::RoutineType#class#f/1@f30468 with 1259 rows.
[2022-06-27 05:37:46] (0s) Starting to evaluate predicate Type::RoutineType::getReturnType_dispred#ff/2@84bd13
[2022-06-27 05:37:46] (0s)  >>> Created relation Type::RoutineType::getReturnType_dispred#ff/2@84bd13 with 1259 rows.
[2022-06-27 05:37:46] (0s)  >>> Created relation iscall/2@c0a348 with 714 rows.
[2022-06-27 05:37:46] (0s)  >>> Created relation exprs/3@078687 with 33411 rows.
[2022-06-27 05:37:46] (0s) Starting to evaluate predicate exprs_10#join_rhs/2@6d0aeb
[2022-06-27 05:37:46] (0s)  >>> Created relation exprs_10#join_rhs/2@6d0aeb with 33411 rows.
[2022-06-27 05:37:46] (0s) Starting to evaluate predicate Call::Call#f/1@afc1b8
[2022-06-27 05:37:46] (0s)  >>> Created relation Call::Call#f/1@afc1b8 with 1622 rows.
[2022-06-27 05:37:46] (0s) Starting to evaluate predicate Call::FunctionCall#f/1@915c5b
[2022-06-27 05:37:46] (0s)  >>> Created relation Call::FunctionCall#f/1@915c5b with 714 rows.
[2022-06-27 05:37:46] (0s)  >>> Created relation funbind/2@5ef314 with 723 rows.
[2022-06-27 05:37:46] (0s) Starting to evaluate predicate Call::FunctionCall::getTarget#ff/2@3994f3
[2022-06-27 05:37:46] (0s)  >>> Created relation Call::FunctionCall::getTarget#ff/2@3994f3 with 714 rows.
[2022-06-27 05:37:46] (0s) Inferred that Type::Decltype#class#f/1@3d08e8 is empty, due to decltypes/4@5f3a05.
[2022-06-27 05:37:46] (0s) Inferred that Type::Decltype::getBaseType_dispred#ff/2@797b75 is empty, due to Type::Decltype#class#f/1@3d08e8.
[2022-06-27 05:37:46] (0s) Inferred that Type::Decltype::getBaseType_dispred#ff_10#join_rhs/2@9bb558 is empty, due to Type::Decltype::getBaseType_dispred#ff/2@797b75.
[2022-06-27 05:37:46] (0s)  >>> Created relation Type::Decltype#class#f/1@3d08e8 with 0 rows.
[2022-06-27 05:37:46] (0s)  >>> Created relation Type::Decltype::getBaseType_dispred#ff/2@797b75 with 0 rows.
[2022-06-27 05:37:46] (0s)  >>> Created relation Type::Decltype::getBaseType_dispred#ff_10#join_rhs/2@9bb558 with 0 rows.
[2022-06-27 05:37:46] (0s) Starting to evaluate predicate Type::DerivedType#class#f/1@caa840
[2022-06-27 05:37:46] (0s)  >>> Created relation Type::DerivedType#class#f/1@caa840 with 11330 rows.
[2022-06-27 05:37:46] (0s) Starting to evaluate predicate TypedefType::TypedefType#class#f/1@6debf8
[2022-06-27 05:37:46] (0s)  >>> Created relation TypedefType::TypedefType#class#f/1@6debf8 with 5341 rows.
[2022-06-27 05:37:46] (0s) Starting to evaluate predicate Type::Type_not_Decltype_DerivedType_TypedefType#f/1@a893a5
[2022-06-27 05:37:46] (0s)  >>> Created relation Type::Type_not_Decltype_DerivedType_TypedefType#f/1@a893a5 with 4166 rows.
[2022-06-27 05:37:46] (0s)  >>> Created relation typedefbase/2@4fc0c3 with 5341 rows.
[2022-06-27 05:37:46] (0s) Starting to evaluate predicate TypedefType::TypedefType::getBaseType_dispred#ff/2@10255f
[2022-06-27 05:37:46] (0s)  >>> Created relation TypedefType::TypedefType::getBaseType_dispred#ff/2@10255f with 5341 rows.
[2022-06-27 05:37:46] (0s) Starting to evaluate predicate TypedefType::TypedefType::getBaseType_dispred#ff_10#join_rhs/2@c6e49e
[2022-06-27 05:37:46] (0s)  >>> Created relation TypedefType::TypedefType::getBaseType_dispred#ff_10#join_rhs/2@c6e49e with 5341 rows.
[2022-06-27 05:37:46] (0s) Starting to evaluate predicate Type::DerivedType::getBaseType_dispred#ff/2@7862bf
[2022-06-27 05:37:46] (0s)  >>> Created relation Type::DerivedType::getBaseType_dispred#ff/2@7862bf with 11330 rows.
[2022-06-27 05:37:46] (0s) Starting to evaluate predicate Type::DerivedType::getBaseType_dispred#ff_10#join_rhs/2@4b4b77
[2022-06-27 05:37:46] (0s)  >>> Created relation Type::DerivedType::getBaseType_dispred#ff_10#join_rhs/2@4b4b77 with 11330 rows.
[2022-06-27 05:37:46] (0s) Starting to evaluate predicate Type::Type::stripType_dispred#ff/2@i1#080f7w (iteration 1)
[2022-06-27 05:37:46] (0s) 			 - Type::Type::stripType_dispred#ff_delta has 4166 rows (order for disjuncts: delta=<standard>).
[2022-06-27 05:37:46] (0s) Starting to evaluate predicate Type::Type::stripType_dispred#ff/2@i2#080f7w (iteration 2)
[2022-06-27 05:37:46] (0s) 			 - Type::Type::stripType_dispred#ff_delta has 10361 rows (order for disjuncts: delta=500000).
[2022-06-27 05:37:46] (0s) Starting to evaluate predicate Type::Type::stripType_dispred#ff/2@i3#080f7w (iteration 3)
[2022-06-27 05:37:46] (0s) 			 - Type::Type::stripType_dispred#ff_delta has 5315 rows (order for disjuncts: delta=500000).
[2022-06-27 05:37:46] (0s) Starting to evaluate predicate Type::Type::stripType_dispred#ff/2@i4#080f7w (iteration 4)
[2022-06-27 05:37:46] (0s) 			 - Type::Type::stripType_dispred#ff_delta has 752 rows (order for disjuncts: delta=500000).
[2022-06-27 05:37:46] (0s) Starting to evaluate predicate Type::Type::stripType_dispred#ff/2@i5#080f7w (iteration 5)
[2022-06-27 05:37:46] (0s) 			 - Type::Type::stripType_dispred#ff_delta has 159 rows (order for disjuncts: delta=500000).
[2022-06-27 05:37:46] (0s) Starting to evaluate predicate Type::Type::stripType_dispred#ff/2@i6#080f7w (iteration 6)
[2022-06-27 05:37:46] (0s) 			 - Type::Type::stripType_dispred#ff_delta has 66 rows (order for disjuncts: delta=500000).
[2022-06-27 05:37:46] (0s) Starting to evaluate predicate Type::Type::stripType_dispred#ff/2@i7#080f7w (iteration 7)
[2022-06-27 05:37:46] (0s) 			 - Type::Type::stripType_dispred#ff_delta has 12 rows (order for disjuncts: delta=500000).
[2022-06-27 05:37:46] (0s) Starting to evaluate predicate Type::Type::stripType_dispred#ff/2@i8#080f7w (iteration 8)
[2022-06-27 05:37:46] (0s) 			 - Type::Type::stripType_dispred#ff_delta has 5 rows (order for disjuncts: delta=500000).
[2022-06-27 05:37:46] (0s) Starting to evaluate predicate Type::Type::stripType_dispred#ff/2@i9#080f7w (iteration 9)
[2022-06-27 05:37:46] (0s) 			 - Type::Type::stripType_dispred#ff_delta has 1 rows (order for disjuncts: delta=500000).
[2022-06-27 05:37:46] (0s) Starting to evaluate predicate Type::Type::stripType_dispred#ff/2@i10#080f7w (iteration 10)
[2022-06-27 05:37:46] (0s) Empty delta for Type::Type::stripType_dispred#ff_delta (order for disjuncts: delta=500000).
[2022-06-27 05:37:46] (0s) Accumulating deltas
[2022-06-27 05:37:46] (0s)  >>> Created relation Type::Type::stripType_dispred#ff/2@080f7w with 20837 rows.
[2022-06-27 05:37:46] (0s) Starting to evaluate predicate Call::FunctionCall::getTargetType_dispred#ff/2@9e9f40
[2022-06-27 05:37:46] (0s)  >>> Created relation Call::FunctionCall::getTargetType_dispred#ff/2@9e9f40 with 714 rows.
[2022-06-27 05:37:46] (0s)  >>> Created relation function_return_type/2@b746ec with 6227 rows.
[2022-06-27 05:37:46] (0s)  >>> Created relation member/3@0fe2ad with 16818 rows.
[2022-06-27 05:37:46] (0s) Starting to evaluate predicate project#Call::FunctionCall::getTarget#ff/1@cd6fbb
[2022-06-27 05:37:46] (0s)  >>> Created relation project#Call::FunctionCall::getTarget#ff/1@cd6fbb with 133 rows.
[2022-06-27 05:37:46] (0s)  >>> Created relation is_function_template/1@d17d2f with 25 rows.
[2022-06-27 05:37:46] (0s)  >>> Created relation function_instantiation/2@8cadda with 0 rows.
[2022-06-27 05:37:46] (0s) Inferred that m#Declaration::Declaration::getATemplateArgument_dispred#bf/1@7ee7be is empty, due to function_instantiation/2@8cadda.
[2022-06-27 05:37:46] (0s) Inferred that Declaration::Declaration::getTemplateArgumentType_dispred#bff/3@364453 is empty, due to m#Declaration::Declaration::getATemplateArgument_dispred#bf/1@7ee7be.
[2022-06-27 05:37:46] (0s) Inferred that Declaration::Declaration::getTemplateArgumentValue_dispred#bff/3@5cedb0 is empty, due to m#Declaration::Declaration::getATemplateArgument_dispred#bf/1@7ee7be.
[2022-06-27 05:37:46] (0s) Inferred that Declaration::Declaration::getATemplateArgument_dispred#bf/2@ee4bb6 is empty, due to m#Declaration::Declaration::getATemplateArgument_dispred#bf/1@7ee7be.
[2022-06-27 05:37:46] (0s) Inferred that Declaration::Declaration::getTemplateArgumentValue_dispred#bff_01#antijoin_rhs/2@283479 is empty, due to Declaration::Declaration::getTemplateArgumentValue_dispred#bff/3@5cedb0.
[2022-06-27 05:37:46] (0s) Inferred that project#Declaration::Declaration::getATemplateArgument_dispred#bf/1@18ee2f is empty, due to Declaration::Declaration::getATemplateArgument_dispred#bf/2@ee4bb6.
[2022-06-27 05:37:46] (0s) Inferred that Function::TemplateFunction::getAnInstantiation_dispred#fb/2@a792e9 is empty, due to project#Declaration::Declaration::getATemplateArgument_dispred#bf/1@18ee2f.
[2022-06-27 05:37:46] (0s)  >>> Created relation Function::TemplateFunction::getAnInstantiation_dispred#fb/2@a792e9 with 0 rows.
[2022-06-27 05:37:46] (0s)  >>> Created relation Declaration::Declaration::getATemplateArgument_dispred#bf/2@ee4bb6 with 0 rows.
[2022-06-27 05:37:46] (0s)  >>> Created relation Declaration::Declaration::getTemplateArgumentValue_dispred#bff_01#antijoin_rhs/2@283479 with 0 rows.
[2022-06-27 05:37:46] (0s)  >>> Created relation m#Declaration::Declaration::getATemplateArgument_dispred#bf/1@7ee7be with 0 rows.
[2022-06-27 05:37:46] (0s)  >>> Created relation Declaration::Declaration::getTemplateArgumentType_dispred#bff/3@364453 with 0 rows.
[2022-06-27 05:37:46] (0s)  >>> Created relation Declaration::Declaration::getTemplateArgumentValue_dispred#bff/3@5cedb0 with 0 rows.
[2022-06-27 05:37:46] (0s)  >>> Created relation project#Declaration::Declaration::getATemplateArgument_dispred#bf/1@18ee2f with 0 rows.
[2022-06-27 05:37:46] (0s) Starting to evaluate predicate m#Class::Class::getCanonicalMember_dispred#ffb/1@62ae6f
[2022-06-27 05:37:46] (0s)  >>> Created relation m#Class::Class::getCanonicalMember_dispred#ffb/1@62ae6f with 133 rows.
[2022-06-27 05:37:46] (0s) Starting to evaluate predicate Class::Class::getCanonicalMember_dispred#ffb/3@4fbd86
[2022-06-27 05:37:46] (0s)  >>> Created relation Class::Class::getCanonicalMember_dispred#ffb/3@4fbd86 with 0 rows.
[2022-06-27 05:37:46] (0s) Inferred that Class::Class::getCanonicalMember_dispred#ffb_201#join_rhs/3@0d7d45 is empty, due to Class::Class::getCanonicalMember_dispred#ffb/3@4fbd86.
[2022-06-27 05:37:46] (0s) Inferred that Class::Class::getAMember_dispred#2#ffb/3@e5cf99 is empty, due to Class::Class::getCanonicalMember_dispred#ffb_201#join_rhs/3@0d7d45.
[2022-06-27 05:37:46] (0s) Inferred that project#Class::Class::getAMember_dispred#2#ffb/1@e369ab is empty, due to Class::Class::getAMember_dispred#2#ffb/3@e5cf99.
[2022-06-27 05:37:46] (0s) Inferred that MemberFunction::MemberFunction#b/1@9e1ef8 is empty, due to project#Class::Class::getAMember_dispred#2#ffb/1@e369ab.
[2022-06-27 05:37:46] (0s) Inferred that MemberFunction::Constructor#class#b/1@5139cf is empty, due to MemberFunction::MemberFunction#b/1@9e1ef8.
[2022-06-27 05:37:46] (0s) Inferred that MemberFunction::Destructor#class#b/1@5d5dfe is empty, due to MemberFunction::MemberFunction#b/1@9e1ef8.
[2022-06-27 05:37:46] (0s) Inferred that Call::ConstructorCall#class#f/1@a5b5c9 is empty, due to MemberFunction::Constructor#class#b/1@5139cf.
[2022-06-27 05:37:46] (0s) Inferred that Call::DestructorCall#class#f/1@4d1534 is empty, due to MemberFunction::Destructor#class#b/1@5d5dfe.
[2022-06-27 05:37:46] (0s)  >>> Created relation MemberFunction::Destructor#class#b/1@5d5dfe with 0 rows.
[2022-06-27 05:37:46] (0s)  >>> Created relation Class::Class::getCanonicalMember_dispred#ffb_201#join_rhs/3@0d7d45 with 0 rows.
[2022-06-27 05:37:46] (0s)  >>> Created relation Class::Class::getAMember_dispred#2#ffb/3@e5cf99 with 0 rows.
[2022-06-27 05:37:46] (0s)  >>> Created relation MemberFunction::MemberFunction#b/1@9e1ef8 with 0 rows.
[2022-06-27 05:37:46] (0s)  >>> Created relation MemberFunction::Constructor#class#b/1@5139cf with 0 rows.
[2022-06-27 05:37:46] (0s)  >>> Created relation Call::DestructorCall#class#f/1@4d1534 with 0 rows.
[2022-06-27 05:37:46] (0s)  >>> Created relation Call::ConstructorCall#class#f/1@a5b5c9 with 0 rows.
[2022-06-27 05:37:46] (0s)  >>> Created relation project#Class::Class::getAMember_dispred#2#ffb/1@e369ab with 0 rows.
[2022-06-27 05:37:46] (0s) Starting to evaluate predicate Call::Call::getTarget_dispred#ff/2@31fd33
[2022-06-27 05:37:46] (0s)  >>> Created relation Call::Call::getTarget_dispred#ff/2@31fd33 with 714 rows.
[2022-06-27 05:37:46] (0s) Starting to evaluate predicate m#Function::Function::getType_dispred#bf#antijoin_rhs/2@5fbaf3
[2022-06-27 05:37:46] (0s)  >>> Created relation m#Function::Function::getType_dispred#bf#antijoin_rhs/2@5fbaf3 with 714 rows.
[2022-06-27 05:37:46] (0s) Starting to evaluate predicate m#Function::Function::getType_dispred#bf#shared/2@5a790f
[2022-06-27 05:37:46] (0s)  >>> Created relation m#Function::Function::getType_dispred#bf#shared/2@5a790f with 0 rows.
[2022-06-27 05:37:46] (0s) Inferred that m#Function::Function::getType_dispred#bf/1@76a5d9 is empty, due to m#Function::Function::getType_dispred#bf#shared/2@5a790f.
[2022-06-27 05:37:46] (0s) Inferred that Function::Function::getType_dispred#bf/2@7df891 is empty, due to m#Function::Function::getType_dispred#bf/1@76a5d9.
[2022-06-27 05:37:46] (0s)  >>> Created relation m#Function::Function::getType_dispred#bf/1@76a5d9 with 0 rows.
[2022-06-27 05:37:46] (0s)  >>> Created relation Function::Function::getType_dispred#bf/2@7df891 with 0 rows.
[2022-06-27 05:37:46] (0s) Starting to evaluate predicate Expr::Expr::getType_dispred#ff/2@d552a7
[2022-06-27 05:37:46] (0s)  >>> Created relation Expr::Expr::getType_dispred#ff/2@d552a7 with 33411 rows.
[2022-06-27 05:37:46] (0s) No need to promote strings for predicate Expr::Expr::getType_dispred#ff  as it does not contain computed strings.
[2022-06-27 05:37:46] (0s)  >>> Created relation Expr::Expr::getType_dispred#ff/2@193705 with 33411 rows.
[2022-06-27 05:37:46] CSV_CACHE_DIFF: Expr::Expr::getType_dispred#ff (sizeofonpointer.ql),0.398,0.312,0.068,0,0.001,0.017,0,0,0,0,0,0,0
[2022-06-27 05:37:46] CSV_IMB_QUERIES: Stage,Expr::Expr::getType_dispred#ff,sizeofonpointer.ql,2,Success,0.398,33411,853
[2022-06-27 05:37:46] (0s) Beginning execution of Element::ElementBase::toString_dispred#ff
[2022-06-27 05:37:46] (0s) Starting to evaluate predicate Type::DerivedType::getName_dispred#ff/2@fcf35d
[2022-06-27 05:37:46] (0s)  >>> Created relation Type::DerivedType::getName_dispred#ff/2@fcf35d with 11334 rows.
[2022-06-27 05:37:46] (0s) Starting to evaluate predicate Type::BuiltInType::getName_dispred#ff/2@8f47fe
[2022-06-27 05:37:46] (0s)  >>> Created relation Type::BuiltInType::getName_dispred#ff/2@8f47fe with 47 rows.
[2022-06-27 05:37:46] (0s) Starting to evaluate predicate UserType::UserType#class#f/1@44c799
[2022-06-27 05:37:46] (0s)  >>> Created relation UserType::UserType#class#f/1@44c799 with 8201 rows.
[2022-06-27 05:37:46] (0s) Starting to evaluate predicate UserType::UserType::getName_dispred#ff/2@9749bc
[2022-06-27 05:37:46] (0s)  >>> Created relation UserType::UserType::getName_dispred#ff/2@9749bc with 8201 rows.
[2022-06-27 05:37:47] (0s)  >>> Created relation functions/3@d321a3 with 6164 rows.
[2022-06-27 05:37:47] (0s)  >>> Created relation localvariables/3@bab61c with 277 rows.
[2022-06-27 05:37:47] (0s)  >>> Created relation globalvariables/3@e49c27 with 386 rows.
[2022-06-27 05:37:47] (0s)  >>> Created relation enumconstants/6@b5609d with 6321 rows.
[2022-06-27 05:37:47] (0s)  >>> Created relation frienddecls/4@d4398b with 0 rows.
[2022-06-27 05:37:47] (0s) Inferred that frienddecls_10#join_rhs/2@442c23 is empty, due to frienddecls/4@d4398b.
[2022-06-27 05:37:47] (0s) Inferred that Declaration::Declaration::getName_dispred#ff#join_rhs/2@102b0a is empty, due to frienddecls_10#join_rhs/2@442c23.
[2022-06-27 05:37:47] (0s)  >>> Created relation frienddecls_10#join_rhs/2@442c23 with 0 rows.
[2022-06-27 05:37:47] (0s)  >>> Created relation Declaration::Declaration::getName_dispred#ff#join_rhs/2@102b0a with 0 rows.
[2022-06-27 05:37:47] (0s)  >>> Created relation membervariables/3@547322 with 12197 rows.
[2022-06-27 05:37:47] (0s) Starting to evaluate predicate Class::Class#f/1@e887e5
[2022-06-27 05:37:47] (0s)  >>> Created relation Class::Class#f/1@e887e5 with 2530 rows.
[2022-06-27 05:37:47] (0s) Starting to evaluate predicate Class::Class::getCanonicalMember_dispred#fff/3@ea1fb1
[2022-06-27 05:37:47] (0s)  >>> Created relation Class::Class::getCanonicalMember_dispred#fff/3@ea1fb1 with 16157 rows.
[2022-06-27 05:37:47] (0s) Inferred that Parameter::Parameter::getFunction_dispred#fb/2@dbc280 is empty, due to function_instantiation/2@8cadda.
[2022-06-27 05:37:47] (0s) Inferred that function_instantiation_10#join_rhs/2@ae1426 is empty, due to function_instantiation/2@8cadda.
[2022-06-27 05:37:47] (0s) Inferred that project#function_instantiation/1@5e96c0 is empty, due to function_instantiation/2@8cadda.
[2022-06-27 05:37:47] (0s) Inferred that Parameter::Parameter::getFunction_dispred#fb_10#join_rhs/2@8a1cca is empty, due to Parameter::Parameter::getFunction_dispred#fb/2@dbc280.
[2022-06-27 05:37:47] (0s) Inferred that Parameter::Parameter::getAnEffectiveDeclarationEntry_dispred#ff#antijoin_rhs/1@ff05c0 is empty, due to Parameter::Parameter::getFunction_dispred#fb/2@dbc280.
[2022-06-27 05:37:47] (0s) Inferred that Function::TemplateFunction::getAnInstantiation_dispred#ff/2@ccf333 is empty, due to function_instantiation_10#join_rhs/2@ae1426.
[2022-06-27 05:37:47] (0s) Inferred that Declaration::Declaration::getTemplateArgumentType_dispred#bff/3@ec26ca is empty, due to project#function_instantiation/1@5e96c0.
[2022-06-27 05:37:47] (0s) Inferred that Declaration::Declaration::getTemplateArgumentValue_dispred#bff/3@317082 is empty, due to project#function_instantiation/1@5e96c0.
[2022-06-27 05:37:47] (0s) Inferred that Declaration::Declaration::getATemplateArgument_dispred#bf/2@f26b3d is empty, due to project#function_instantiation/1@5e96c0.
[2022-06-27 05:37:47] (0s) Inferred that project#Declaration::Declaration::getATemplateArgument_dispred#bf/1@d10dc5 is empty, due to Declaration::Declaration::getATemplateArgument_dispred#bf/2@f26b3d.
[2022-06-27 05:37:47] (0s) Inferred that Declaration::Declaration::getTemplateArgumentValue_dispred#bff_01#antijoin_rhs/2@23707d is empty, due to Declaration::Declaration::getTemplateArgumentValue_dispred#bff/3@317082.
[2022-06-27 05:37:47] (0s)  >>> Created relation Parameter::Parameter::getFunction_dispred#fb/2@dbc280 with 0 rows.
[2022-06-27 05:37:47] (0s)  >>> Created relation project#Declaration::Declaration::getATemplateArgument_dispred#bf/1@d10dc5 with 0 rows.
[2022-06-27 05:37:47] (0s)  >>> Created relation function_instantiation_10#join_rhs/2@ae1426 with 0 rows.
[2022-06-27 05:37:47] (0s)  >>> Created relation Parameter::Parameter::getFunction_dispred#fb_10#join_rhs/2@8a1cca with 0 rows.
[2022-06-27 05:37:47] (0s)  >>> Created relation project#function_instantiation/1@5e96c0 with 0 rows.
[2022-06-27 05:37:47] (0s)  >>> Created relation Parameter::Parameter::getAnEffectiveDeclarationEntry_dispred#ff#antijoin_rhs/1@ff05c0 with 0 rows.
[2022-06-27 05:37:47] (0s)  >>> Created relation Function::TemplateFunction::getAnInstantiation_dispred#ff/2@ccf333 with 0 rows.
[2022-06-27 05:37:47] (0s)  >>> Created relation Declaration::Declaration::getTemplateArgumentType_dispred#bff/3@ec26ca with 0 rows.
[2022-06-27 05:37:47] (0s)  >>> Created relation Declaration::Declaration::getTemplateArgumentValue_dispred#bff/3@317082 with 0 rows.
[2022-06-27 05:37:47] (0s)  >>> Created relation Declaration::Declaration::getATemplateArgument_dispred#bf/2@f26b3d with 0 rows.
[2022-06-27 05:37:47] (0s)  >>> Created relation Declaration::Declaration::getTemplateArgumentValue_dispred#bff_01#antijoin_rhs/2@23707d with 0 rows.
[2022-06-27 05:37:47] (0s)  >>> Created relation is_variable_template/1@9f3158 with 0 rows.
[2022-06-27 05:37:47] (0s)  >>> Created relation variable_instantiation/2@f501bd with 0 rows.
[2022-06-27 05:37:47] (0s) Inferred that variable_instantiation_10#join_rhs/2@240219 is empty, due to variable_instantiation/2@f501bd.
[2022-06-27 05:37:47] (0s)  >>> Created relation variable_instantiation_10#join_rhs/2@240219 with 0 rows.
[2022-06-27 05:37:47] (0s) Starting to evaluate predicate Class::Class::getAMember_dispred#2#fff/3@45bafc
[2022-06-27 05:37:47] (0s)  >>> Created relation Class::Class::getAMember_dispred#2#fff/3@45bafc with 16157 rows.
[2022-06-27 05:37:47] (0s) Starting to evaluate predicate project#Class::Class::getAMember_dispred#2#fff/1@e419bf
[2022-06-27 05:37:47] (0s)  >>> Created relation project#Class::Class::getAMember_dispred#2#fff/1@e419bf with 15413 rows.
[2022-06-27 05:37:47] (0s) Starting to evaluate predicate enumconstants_0#antijoin_rhs/1@657863
[2022-06-27 05:37:47] (0s)  >>> Created relation enumconstants_0#antijoin_rhs/1@657863 with 3611 rows.
[2022-06-27 05:37:47] (0s) Starting to evaluate predicate Declaration::Declaration::isMember_dispred#f/1@436f6a
[2022-06-27 05:37:47] (0s)  >>> Created relation Declaration::Declaration::isMember_dispred#f/1@436f6a with 15413 rows.
[2022-06-27 05:37:47] (0s) Starting to evaluate predicate Variable::MemberVariable#f/1@f3fbcd
[2022-06-27 05:37:47] (0s)  >>> Created relation Variable::MemberVariable#f/1@f3fbcd with 11755 rows.
[2022-06-27 05:37:47] (0s)  >>> Created relation var_decls/5@12bae3 with 23032 rows.
[2022-06-27 05:37:47] (0s) Starting to evaluate predicate Variable::VariableDeclarationEntry::getName_dispred#ff/2@a9d11e
[2022-06-27 05:37:47] (0s)  >>> Created relation Variable::VariableDeclarationEntry::getName_dispred#ff/2@a9d11e with 19070 rows.
[2022-06-27 05:37:47] (0s)  >>> Created relation namespaces/2@bf72dc with 2 rows.
[2022-06-27 05:37:47] (1s) Starting to evaluate predicate Lambda::Closure#class#f/1@7e1634
[2022-06-27 05:37:47] (1s)  >>> Created relation Lambda::Closure#class#f/1@7e1634 with 0 rows.
[2022-06-27 05:37:47] (1s)  >>> Created relation var_def/1@726b0c with 14167 rows.
[2022-06-27 05:37:47] (1s) Starting to evaluate predicate namespaces_10#join_rhs/2@0b8b9e
[2022-06-27 05:37:47] (1s)  >>> Created relation namespaces_10#join_rhs/2@0b8b9e with 2 rows.
[2022-06-27 05:37:47] (1s) Starting to evaluate predicate Namespace::Namespace_not_GlobalNamespace#f#antijoin_rhs/1@2ee76a
[2022-06-27 05:37:47] (1s)  >>> Created relation Namespace::Namespace_not_GlobalNamespace#f#antijoin_rhs/1@2ee76a with 1 rows.
[2022-06-27 05:37:47] (1s) Starting to evaluate predicate Namespace::Namespace_not_GlobalNamespace#f/1@e2897d
[2022-06-27 05:37:47] (1s)  >>> Created relation Namespace::Namespace_not_GlobalNamespace#f/1@e2897d with 1 rows.
[2022-06-27 05:37:47] (1s)  >>> Created relation params/4@63c3ba with 10101 rows.
[2022-06-27 05:37:47] (1s)  >>> Created relation namespacembrs/2@08a148 with 0 rows.
[2022-06-27 05:37:47] (1s) Inferred that namespacembrs_1#antijoin_rhs/1@3c47bb is empty, due to namespacembrs/2@08a148.
[2022-06-27 05:37:47] (1s)  >>> Created relation namespacembrs_1#antijoin_rhs/1@3c47bb with 0 rows.
[2022-06-27 05:37:47] (1s) Starting to evaluate predicate Namespace::Namespace::getParentNamespace_dispred#ff/2@839526
[2022-06-27 05:37:47] (1s)  >>> Created relation Namespace::Namespace::getParentNamespace_dispred#ff/2@839526 with 1 rows.
[2022-06-27 05:37:47] (1s) Starting to evaluate predicate Namespace::Namespace::getParentNamespace_dispred#ff_10#join_rhs/2@2cf87f
[2022-06-27 05:37:47] (1s)  >>> Created relation Namespace::Namespace::getParentNamespace_dispred#ff_10#join_rhs/2@2cf87f with 1 rows.
[2022-06-27 05:37:47] (1s) Starting to evaluate predicate Namespace::Namespace::getParentName_dispred#ff/2@b5efbe
[2022-06-27 05:37:47] (1s)  >>> Created relation Namespace::Namespace::getParentName_dispred#ff/2@b5efbe with 0 rows.
[2022-06-27 05:37:47] (1s) Inferred that project#Namespace::Namespace::getParentName_dispred#ff/1@a38b81 is empty, due to Namespace::Namespace::getParentName_dispred#ff/2@b5efbe.
[2022-06-27 05:37:47] (1s) Inferred that Namespace::Namespace::getQualifiedName#ff#join_rhs/3@d5903e is empty, due to project#Namespace::Namespace::getParentName_dispred#ff/1@a38b81.
[2022-06-27 05:37:47] (1s)  >>> Created relation project#Namespace::Namespace::getParentName_dispred#ff/1@a38b81 with 0 rows.
[2022-06-27 05:37:47] (1s)  >>> Created relation Namespace::Namespace::getQualifiedName#ff#join_rhs/3@d5903e with 0 rows.
[2022-06-27 05:37:47] (1s) Starting to evaluate predicate Namespace::Namespace::getQualifiedName#ff/2@i1#c0078w (iteration 1)
[2022-06-27 05:37:47] (1s) 			 - Namespace::Namespace::getQualifiedName#ff_delta has 2 rows (order for disjuncts: delta=<standard>).
[2022-06-27 05:37:47] (1s) Starting to evaluate predicate Namespace::Namespace::getQualifiedName#ff/2@i2#c0078w (iteration 2)
[2022-06-27 05:37:47] (1s) Empty delta for Namespace::Namespace::getQualifiedName#ff_delta (order for disjuncts: delta=3163).
[2022-06-27 05:37:47] (1s) Accumulating deltas
[2022-06-27 05:37:47] (1s)  >>> Created relation Namespace::Namespace::getQualifiedName#ff/2@c0078w with 2 rows.
[2022-06-27 05:37:47] (1s) Starting to evaluate predicate Namespace::Namespace::getFriendlyName_dispred#ff/2@e0f7b7
[2022-06-27 05:37:47] (1s)  >>> Created relation Namespace::Namespace::getFriendlyName_dispred#ff/2@e0f7b7 with 2 rows.
[2022-06-27 05:37:47] (1s)  >>> Created relation files/2@19948a with 95 rows.
[2022-06-27 05:37:47] (1s)  >>> Created relation folders/2@90fba3 with 23 rows.
[2022-06-27 05:37:47] (1s) Starting to evaluate predicate File::Container::toString#ff/2@a90db0
[2022-06-27 05:37:47] (1s)  >>> Created relation File::Container::toString#ff/2@a90db0 with 118 rows.
[2022-06-27 05:37:47] (1s) Starting to evaluate predicate files_0#antijoin_rhs/1@107ccc
[2022-06-27 05:37:47] (1s)  >>> Created relation files_0#antijoin_rhs/1@107ccc with 95 rows.
[2022-06-27 05:37:47] (1s) Inferred that Type::PointerToMemberType#class#f/1@2877ed is empty, due to ptrtomembers/3@1f59fc.
[2022-06-27 05:37:47] (1s)  >>> Created relation Type::PointerToMemberType#class#f/1@2877ed with 0 rows.
[2022-06-27 05:37:47] (1s)  >>> Created relation specifiers/2@24526a with 53 rows.
[2022-06-27 05:37:47] (1s)  >>> Created relation param_decl_bind/3@909173 with 10308 rows.
[2022-06-27 05:37:47] (1s) Starting to evaluate predicate param_decl_bind_0#antijoin_rhs/1@1eba1f
[2022-06-27 05:37:47] (1s)  >>> Created relation param_decl_bind_0#antijoin_rhs/1@1eba1f with 10308 rows.
[2022-06-27 05:37:47] (1s) Starting to evaluate predicate Parameter::Parameter::getANamedDeclarationEntry_dispred#ff#antijoin_rhs/1@bbe05c
[2022-06-27 05:37:47] (1s)  >>> Created relation Parameter::Parameter::getANamedDeclarationEntry_dispred#ff#antijoin_rhs/1@bbe05c with 19070 rows.
[2022-06-27 05:37:47] (1s) Starting to evaluate predicate var_decls_10#join_rhs/2@0cf0b3
[2022-06-27 05:37:47] (1s)  >>> Created relation var_decls_10#join_rhs/2@0cf0b3 with 22801 rows.
[2022-06-27 05:37:47] (1s) Starting to evaluate predicate params_120#join_rhs/3@425598
[2022-06-27 05:37:47] (1s)  >>> Created relation params_120#join_rhs/3@425598 with 9658 rows.
[2022-06-27 05:37:47] (1s) Starting to evaluate predicate Parameter::Parameter::getAnEffectiveDeclarationEntry_dispred#ff/2@c8f2b4
[2022-06-27 05:37:47] (1s)  >>> Created relation Parameter::Parameter::getAnEffectiveDeclarationEntry_dispred#ff/2@c8f2b4 with 10308 rows.
[2022-06-27 05:37:47] (1s) Starting to evaluate predicate Parameter::Parameter::getAnEffectiveDeclarationEntry_dispred#ff_10#join_rhs/2@de1b21
[2022-06-27 05:37:47] (1s)  >>> Created relation Parameter::Parameter::getAnEffectiveDeclarationEntry_dispred#ff_10#join_rhs/2@de1b21 with 10308 rows.
[2022-06-27 05:37:47] (1s) Starting to evaluate predicate Parameter::Parameter::getANamedDeclarationEntry_dispred#ff/2@f5712a
[2022-06-27 05:37:47] (1s)  >>> Created relation Parameter::Parameter::getANamedDeclarationEntry_dispred#ff/2@f5712a with 6577 rows.
[2022-06-27 05:37:47] (1s) Starting to evaluate predicate Parameter::Parameter::getANamedDeclarationEntry_dispred#ff_10#join_rhs/2@37fa22
[2022-06-27 05:37:47] (1s)  >>> Created relation Parameter::Parameter::getANamedDeclarationEntry_dispred#ff_10#join_rhs/2@37fa22 with 6577 rows.
[2022-06-27 05:37:47] (1s) Starting to evaluate predicate Declaration::Declaration::getName_dispred#ff#antijoin_rhs/3@d393f8
[2022-06-27 05:37:47] (1s)  >>> Created relation Declaration::Declaration::getName_dispred#ff#antijoin_rhs/3@d393f8 with 2035 rows.
[2022-06-27 05:37:47] (1s) Starting to evaluate predicate project#Parameter::Parameter::getANamedDeclarationEntry_dispred#ff/1@2eacc5
[2022-06-27 05:37:47] (1s)  >>> Created relation project#Parameter::Parameter::getANamedDeclarationEntry_dispred#ff/1@2eacc5 with 5996 rows.
[2022-06-27 05:37:47] (1s) Starting to evaluate predicate ResolveClass::Cached::resolveClass#ff_10#join_rhs/2@d22fd0
[2022-06-27 05:37:47] (1s)  >>> Created relation ResolveClass::Cached::resolveClass#ff_10#join_rhs/2@d22fd0 with 8201 rows.
[2022-06-27 05:37:47] (1s) Starting to evaluate predicate Declaration::Declaration::getName_dispred#ff/2@i1#f350dw (iteration 1)
[2022-06-27 05:37:47] (1s) 			 - Declaration::Declaration::getName_dispred#ff_delta has 40052 rows (order for disjuncts: delta=<standard>).
[2022-06-27 05:37:47] (1s) Starting to evaluate predicate Declaration::Declaration::getName_dispred#ff/2@i2#f350dw (iteration 2)
[2022-06-27 05:37:47] (1s) Empty delta for Declaration::Declaration::getName_dispred#ff_delta (order for disjuncts: delta=500000).
[2022-06-27 05:37:47] (1s) Accumulating deltas
[2022-06-27 05:37:47] (1s)  >>> Created relation Declaration::Declaration::getName_dispred#ff/2@f350dw with 40052 rows.
[2022-06-27 05:37:47] (1s) Starting to evaluate predicate Declaration::Declaration::getDescription_dispred#ff/2@8a75df
[2022-06-27 05:37:47] (1s)  >>> Created relation Declaration::Declaration::getDescription_dispred#ff/2@8a75df with 40052 rows.
[2022-06-27 05:37:47] (1s)  >>> Created relation fun_decls/5@e6e2e6 with 6470 rows.
[2022-06-27 05:37:47] (1s)  >>> Created relation type_decls/3@0b2006 with 9111 rows.
[2022-06-27 05:37:47] (1s) Starting to evaluate predicate UserType::TypeDeclarationEntry::getType_dispred#ff/2@420d9a
[2022-06-27 05:37:47] (1s)  >>> Created relation UserType::TypeDeclarationEntry::getType_dispred#ff/2@420d9a with 9111 rows.
[2022-06-27 05:37:47] (1s) Starting to evaluate predicate Type::Type::getName_dispred#ff/2@169f1c
[2022-06-27 05:37:47] (1s)  >>> Created relation Type::Type::getName_dispred#ff/2@169f1c with 20841 rows.
[2022-06-27 05:37:47] (1s) Starting to evaluate predicate Declaration::DeclarationEntry::getName_dispred#ff/2@ad023c
[2022-06-27 05:37:47] (1s)  >>> Created relation Declaration::DeclarationEntry::getName_dispred#ff/2@ad023c with 34632 rows.
[2022-06-27 05:37:47] (1s) Starting to evaluate predicate Declaration::DeclarationEntry::getDeclaration_dispred#ff/2@21aa54
[2022-06-27 05:37:47] (1s)  >>> Created relation Declaration::DeclarationEntry::getDeclaration_dispred#ff/2@21aa54 with 38362 rows.
[2022-06-27 05:37:47] (1s)  >>> Created relation fun_def/1@6bec31 with 895 rows.
[2022-06-27 05:37:47] (1s)  >>> Created relation fun_specialized/1@56b1d6 with 0 rows.
[2022-06-27 05:37:47] (1s) Inferred that Function::Function::isSpecialization_dispred#f/1@d309b9 is empty, due to fun_specialized/1@56b1d6.
[2022-06-27 05:37:47] (1s)  >>> Created relation Function::Function::isSpecialization_dispred#f/1@d309b9 with 0 rows.
[2022-06-27 05:37:47] (1s) Starting to evaluate predicate Function::Function::declEntry_dispred#fb/2@cf6978
[2022-06-27 05:37:47] (1s)  >>> Created relation Function::Function::declEntry_dispred#fb/2@cf6978 with 895 rows.
[2022-06-27 05:37:47] (1s) Starting to evaluate predicate fun_decls_1#join_rhs/1@3242a3
[2022-06-27 05:37:47] (1s)  >>> Created relation fun_decls_1#join_rhs/1@3242a3 with 6163 rows.
[2022-06-27 05:37:47] (1s) Starting to evaluate predicate fun_decls_10#join_rhs/2@16474d
[2022-06-27 05:37:47] (1s)  >>> Created relation fun_decls_10#join_rhs/2@16474d with 6451 rows.
[2022-06-27 05:37:47] (1s) Starting to evaluate predicate Function::Function::getADeclarationEntry_dispred#fb/2@d8f561
[2022-06-27 05:37:47] (1s)  >>> Created relation Function::Function::getADeclarationEntry_dispred#fb/2@d8f561 with 895 rows.
[2022-06-27 05:37:47] (1s)  >>> Created relation class_instantiation/2@a353c1 with 0 rows.
[2022-06-27 05:37:47] (1s) Inferred that Class::Class::isConstructedFrom_dispred#ff/2@073c65 is empty, due to class_instantiation/2@a353c1.
[2022-06-27 05:37:47] (1s) Inferred that UserType::UserType::getADeclarationEntry#ff#join_rhs/2@fd49a4 is empty, due to Class::Class::isConstructedFrom_dispred#ff/2@073c65.
[2022-06-27 05:37:47] (1s) Inferred that Class::Class::isConstructedFrom_dispred#ff_10#join_rhs/2@fd4ceb is empty, due to Class::Class::isConstructedFrom_dispred#ff/2@073c65.
[2022-06-27 05:37:47] (1s)  >>> Created relation UserType::UserType::getADeclarationEntry#ff#join_rhs/2@fd49a4 with 0 rows.
[2022-06-27 05:37:47] (1s)  >>> Created relation Class::Class::isConstructedFrom_dispred#ff_10#join_rhs/2@fd4ceb with 0 rows.
[2022-06-27 05:37:47] (1s)  >>> Created relation Class::Class::isConstructedFrom_dispred#ff/2@073c65 with 0 rows.
[2022-06-27 05:37:47] (1s) Starting to evaluate predicate type_decls_1#antijoin_rhs/1@16253f
[2022-06-27 05:37:47] (1s)  >>> Created relation type_decls_1#antijoin_rhs/1@16253f with 8200 rows.
[2022-06-27 05:37:47] (1s) Starting to evaluate predicate UserType::UserType::getADeclarationEntry#ff/2@i1#a2aa5w (iteration 1)
[2022-06-27 05:37:47] (1s) 			 - UserType::UserType::getADeclarationEntry#ff_delta has 9110 rows (order for disjuncts: delta=<standard>).
[2022-06-27 05:37:47] (1s) Starting to evaluate predicate UserType::UserType::getADeclarationEntry#ff/2@i2#a2aa5w (iteration 2)
[2022-06-27 05:37:47] (1s) Empty delta for UserType::UserType::getADeclarationEntry#ff_delta (order for disjuncts: delta=500000).
[2022-06-27 05:37:47] (1s) Accumulating deltas
[2022-06-27 05:37:47] (1s)  >>> Created relation UserType::UserType::getADeclarationEntry#ff/2@a2aa5w with 9110 rows.
[2022-06-27 05:37:47] (1s)  >>> Created relation type_def/1@c5329d with 2914 rows.
[2022-06-27 05:37:47] (1s) Starting to evaluate predicate Declaration::Declaration::getDefinition_dispred#ff/2@44709d
[2022-06-27 05:37:47] (1s)  >>> Created relation Declaration::Declaration::getDefinition_dispred#ff/2@44709d with 17976 rows.
[2022-06-27 05:37:47] (1s) Starting to evaluate predicate project#Declaration::Declaration::getDefinition_dispred#ff/1@b0e667
[2022-06-27 05:37:47] (1s)  >>> Created relation project#Declaration::Declaration::getDefinition_dispred#ff/1@b0e667 with 17130 rows.
[2022-06-27 05:37:47] (1s) Starting to evaluate predicate Declaration::DeclarationEntry::getCanonicalName_dispred#ff#antijoin_rhs/2@a70929
[2022-06-27 05:37:47] (1s)  >>> Created relation Declaration::DeclarationEntry::getCanonicalName_dispred#ff#antijoin_rhs/2@a70929 with 18079 rows.
[2022-06-27 05:37:47] (1s) Starting to evaluate predicate Declaration::DeclarationEntry::getCanonicalName_dispred#ff/2@545381
[2022-06-27 05:37:47] (1s)  >>> Created relation Declaration::DeclarationEntry::getCanonicalName_dispred#ff/2@545381 with 34632 rows.
[2022-06-27 05:37:47] (1s) Starting to evaluate predicate project#Declaration::DeclarationEntry::getCanonicalName_dispred#ff/1@9ad8a5
[2022-06-27 05:37:47] (1s)  >>> Created relation project#Declaration::DeclarationEntry::getCanonicalName_dispred#ff/1@9ad8a5 with 34632 rows.
[2022-06-27 05:37:47] (1s) Starting to evaluate predicate Variable::ParameterDeclarationEntry::getAnonymousParameterDescription_dispred#ff/2@66a4f5
[2022-06-27 05:37:47] (1s)  >>> Created relation Variable::ParameterDeclarationEntry::getAnonymousParameterDescription_dispred#ff/2@66a4f5 with 3731 rows.
[2022-06-27 05:37:47] (1s)  >>> Created relation stmts/3@f6486d with 5949 rows.
[2022-06-27 05:37:47] (1s) Starting to evaluate predicate stmts_10#join_rhs/2@2c4298
[2022-06-27 05:37:47] (1s)  >>> Created relation stmts_10#join_rhs/2@2c4298 with 5949 rows.
[2022-06-27 05:37:47] (1s)  >>> Created relation exprparents/3@c6c501 with 25075 rows.
[2022-06-27 05:37:47] (1s) Starting to evaluate predicate exprparents_201#join_rhs/3@8b566b
[2022-06-27 05:37:47] (1s)  >>> Created relation exprparents_201#join_rhs/3@8b566b with 25075 rows.
[2022-06-27 05:37:47] (1s) Starting to evaluate predicate Stmt::Stmt::getChild_dispred#fff/3@7ddc4b
[2022-06-27 05:37:47] (1s)  >>> Created relation Stmt::Stmt::getChild_dispred#fff/3@7ddc4b with 3128 rows.
[2022-06-27 05:37:47] (1s) Starting to evaluate predicate Stmt::Stmt::getChild_dispred#fff_10#join_rhs/2@b2cfd6
[2022-06-27 05:37:47] (1s)  >>> Created relation Stmt::Stmt::getChild_dispred#fff_10#join_rhs/2@b2cfd6 with 3128 rows.
[2022-06-27 05:37:47] (1s) Starting to evaluate predicate project#Stmt::Stmt::getChild_dispred#fff/1@147d60
[2022-06-27 05:37:47] (1s)  >>> Created relation project#Stmt::Stmt::getChild_dispred#fff/1@147d60 with 3110 rows.
[2022-06-27 05:37:47] (1s) Starting to evaluate predicate Stmt::DefaultCase#class#f#antijoin_rhs/1@4ed205
[2022-06-27 05:37:47] (1s)  >>> Created relation Stmt::DefaultCase#class#f#antijoin_rhs/1@4ed205 with 16 rows.
[2022-06-27 05:37:47] (1s) Starting to evaluate predicate Stmt::DefaultCase#class#f/1@4a9b39
[2022-06-27 05:37:47] (1s)  >>> Created relation Stmt::DefaultCase#class#f/1@4a9b39 with 1 rows.
[2022-06-27 05:37:47] (1s)  >>> Created relation comments/3@2c5f66 with 49887 rows.
[2022-06-27 05:37:47] (1s)  >>> Created relation xmlEncoding/2@a126df with 0 rows.
[2022-06-27 05:37:47] (1s) Inferred that XML::XMLParent#b/1@5e3e7e is empty, due to xmlEncoding/2@a126df.
[2022-06-27 05:37:47] (1s) Inferred that XML::XMLFile#class#f/1@a13467 is empty, due to XML::XMLParent#b/1@5e3e7e.
[2022-06-27 05:37:47] (1s)  >>> Created relation XML::XMLParent#b/1@5e3e7e with 0 rows.
[2022-06-27 05:37:47] (1s)  >>> Created relation XML::XMLFile#class#f/1@a13467 with 0 rows.
[2022-06-27 05:37:47] (1s) Starting to evaluate predicate Expr::UnaryOperation#class#f#antijoin_rhs/1@c79c9e
[2022-06-27 05:37:47] (1s)  >>> Created relation Expr::UnaryOperation#class#f#antijoin_rhs/1@c79c9e with 10 rows.
[2022-06-27 05:37:47] (1s) Starting to evaluate predicate Expr::Operation::getOperator_dispred#bf/2@11b4b4
[2022-06-27 05:37:47] (1s)  >>> Created relation Expr::Operation::getOperator_dispred#bf/2@11b4b4 with 1538 rows.
[2022-06-27 05:37:47] (1s) Starting to evaluate predicate Expr::UnaryOperation#class#f#antijoin_rhs#1/1@12aad2
[2022-06-27 05:37:47] (1s)  >>> Created relation Expr::UnaryOperation#class#f#antijoin_rhs#1/1@12aad2 with 4 rows.
[2022-06-27 05:37:47] (1s)  >>> Created relation diagnostics/6@7609ce with 0 rows.
[2022-06-27 05:37:47] (1s)  >>> Created relation preprocdirects/3@0ee143 with 20694 rows.
[2022-06-27 05:37:47] (1s) Starting to evaluate predicate preprocdirects_10#join_rhs/2@5c6e7d
[2022-06-27 05:37:47] (1s)  >>> Created relation preprocdirects_10#join_rhs/2@5c6e7d with 20694 rows.
[2022-06-27 05:37:47] (1s) Starting to evaluate predicate Include::Include#class#f#antijoin_rhs/1@d5be18
[2022-06-27 05:37:47] (1s)  >>> Created relation Include::Include#class#f#antijoin_rhs/1@d5be18 with 0 rows.
[2022-06-27 05:37:47] (1s) Starting to evaluate predicate builtintypes_02#join_rhs/2@5c05e0
[2022-06-27 05:37:47] (1s)  >>> Created relation builtintypes_02#join_rhs/2@5c05e0 with 47 rows.
[2022-06-27 05:37:47] (1s) Starting to evaluate predicate Expr::ReThrowExpr#class#f/1@3ec341
[2022-06-27 05:37:47] (1s)  >>> Created relation Expr::ReThrowExpr#class#f/1@3ec341 with 0 rows.
[2022-06-27 05:37:47] (1s)  >>> Created relation code_block/2@3a6f05 with 0 rows.
[2022-06-27 05:37:47] (1s) Inferred that code_block_0#antijoin_rhs/1@f08ff8 is empty, due to code_block/2@3a6f05.
[2022-06-27 05:37:47] (1s)  >>> Created relation code_block_0#antijoin_rhs/1@f08ff8 with 0 rows.
[2022-06-27 05:37:47] (1s)  >>> Created relation varbind/2@3f517d with 10621 rows.
[2022-06-27 05:37:47] (1s) Starting to evaluate predicate @access#f#antijoin_rhs/1@a0bf62
[2022-06-27 05:37:47] (1s)  >>> Created relation @access#f#antijoin_rhs/1@a0bf62 with 723 rows.
[2022-06-27 05:37:47] (1s) Starting to evaluate predicate @access#f/1@59ec21
[2022-06-27 05:37:47] (1s)  >>> Created relation @access#f/1@59ec21 with 11342 rows.
[2022-06-27 05:37:47] (1s) Starting to evaluate predicate iscall_0#antijoin_rhs/1@8a021d
[2022-06-27 05:37:47] (1s)  >>> Created relation iscall_0#antijoin_rhs/1@8a021d with 714 rows.
[2022-06-27 05:37:47] (1s) Starting to evaluate predicate Access::Access#f/1@1a1ada
[2022-06-27 05:37:47] (1s)  >>> Created relation Access::Access#f/1@1a1ada with 10628 rows.
[2022-06-27 05:37:47] (1s) Starting to evaluate predicate Access::FunctionAccess#class#f/1@92723c
[2022-06-27 05:37:47] (1s)  >>> Created relation Access::FunctionAccess#class#f/1@92723c with 9 rows.
[2022-06-27 05:37:47] (1s) Starting to evaluate predicate Access::FunctionAccess::getTarget_dispred#ff/2@a3b66d
[2022-06-27 05:37:47] (1s)  >>> Created relation Access::FunctionAccess::getTarget_dispred#ff/2@a3b66d with 9 rows.
[2022-06-27 05:37:47] (1s) Starting to evaluate predicate Access::VariableAccess#f#shared/1@95c55f
[2022-06-27 05:37:47] (1s)  >>> Created relation Access::VariableAccess#f#shared/1@95c55f with 10619 rows.
[2022-06-27 05:37:47] (1s) Starting to evaluate predicate Access::VariableAccess#f#antijoin_rhs/1@cf64fd
[2022-06-27 05:37:47] (1s)  >>> Created relation Access::VariableAccess#f#antijoin_rhs/1@cf64fd with 1369 rows.
[2022-06-27 05:37:47] (1s) Starting to evaluate predicate Access::VariableAccess#f/1@b19b64
[2022-06-27 05:37:47] (1s)  >>> Created relation Access::VariableAccess#f/1@b19b64 with 9250 rows.
[2022-06-27 05:37:47] (1s) Starting to evaluate predicate @variable#f/1@f2dec1
[2022-06-27 05:37:47] (1s)  >>> Created relation @variable#f/1@f2dec1 with 22073 rows.
[2022-06-27 05:37:47] (1s) Starting to evaluate predicate Access::VariableAccess::getTarget#ff/2@5430dc
[2022-06-27 05:37:47] (1s)  >>> Created relation Access::VariableAccess::getTarget#ff/2@5430dc with 9250 rows.
[2022-06-27 05:37:47] (1s) Starting to evaluate predicate varbind_10#join_rhs/2@ffc1a5
[2022-06-27 05:37:47] (1s)  >>> Created relation varbind_10#join_rhs/2@ffc1a5 with 10621 rows.
[2022-06-27 05:37:47] (1s)  >>> Created relation fieldoffsets/3@136d58 with 11755 rows.
[2022-06-27 05:37:47] (1s) Starting to evaluate predicate Field::Field#class#f/1@629801
[2022-06-27 05:37:47] (1s)  >>> Created relation Field::Field#class#f/1@629801 with 11755 rows.
[2022-06-27 05:37:47] (1s) Starting to evaluate predicate Access::FieldAccess#class#f/1@c6a5ac
[2022-06-27 05:37:47] (1s)  >>> Created relation Access::FieldAccess#class#f/1@c6a5ac with 1723 rows.
[2022-06-27 05:37:47] (1s) Starting to evaluate predicate Access::Access::getTarget_dispred#ff/2@c56bfe
[2022-06-27 05:37:47] (1s)  >>> Created relation Access::Access::getTarget_dispred#ff/2@c56bfe with 10619 rows.
[2022-06-27 05:37:47] (1s) Starting to evaluate predicate Access::Access::getTarget_dispred#ff_10#join_rhs/2@e41e5c
[2022-06-27 05:37:47] (1s)  >>> Created relation Access::Access::getTarget_dispred#ff_10#join_rhs/2@e41e5c with 10619 rows.
[2022-06-27 05:37:47] (1s) Starting to evaluate predicate Assignment::AssignOperation#class#f/1@fd9c21
[2022-06-27 05:37:47] (1s)  >>> Created relation Assignment::AssignOperation#class#f/1@fd9c21 with 34 rows.
[2022-06-27 05:37:47] (1s) Starting to evaluate predicate Expr::BinaryOperation#class#f/1@c59f24
[2022-06-27 05:37:47] (1s)  >>> Created relation Expr::BinaryOperation#class#f/1@c59f24 with 1049 rows.
[2022-06-27 05:37:47] (1s) Starting to evaluate predicate Include::Include#class#f#antijoin_rhs#1/1@e622b6
[2022-06-27 05:37:47] (1s)  >>> Created relation Include::Include#class#f#antijoin_rhs#1/1@e622b6 with 0 rows.
[2022-06-27 05:37:47] (1s)  >>> Created relation attributes/5@9ac1fd with 1466 rows.
[2022-06-27 05:37:47] (1s) Starting to evaluate predicate attributes_10#join_rhs/2@69da9b
[2022-06-27 05:37:47] (1s)  >>> Created relation attributes_10#join_rhs/2@69da9b with 1466 rows.
[2022-06-27 05:37:47] (1s) Starting to evaluate predicate Element::ElementBase::toString_dispred#ff#antijoin_rhs#1/1@f551fe
[2022-06-27 05:37:47] (1s)  >>> Created relation Element::ElementBase::toString_dispred#ff#antijoin_rhs#1/1@f551fe with 0 rows.
[2022-06-27 05:37:47] (1s)  >>> Created relation specialnamequalifyingelements/2@5d29c3 with 1 rows.
[2022-06-27 05:37:47] (1s) Starting to evaluate predicate Access::FunctionAccess::getTarget_dispred#ff_0#antijoin_rhs/1@bbc494
[2022-06-27 05:37:47] (1s)  >>> Created relation Access::FunctionAccess::getTarget_dispred#ff_0#antijoin_rhs/1@bbc494 with 9 rows.
[2022-06-27 05:37:47] (1s) Starting to evaluate predicate Element::ElementBase::toString_dispred#ff#antijoin_rhs/1@6f6d4e
[2022-06-27 05:37:47] (1s)  >>> Created relation Element::ElementBase::toString_dispred#ff#antijoin_rhs/1@6f6d4e with 9250 rows.
[2022-06-27 05:37:47] (1s)  >>> Created relation preproctext/3@86080b with 16849 rows.
[2022-06-27 05:37:47] (1s) Starting to evaluate predicate Include::Include#class#f/1@c2f2f8
[2022-06-27 05:37:47] (1s)  >>> Created relation Include::Include#class#f/1@c2f2f8 with 135 rows.
[2022-06-27 05:37:47] (1s) Starting to evaluate predicate m#Preprocessor::PreprocessorDirective::getHead_dispred#bf/1@c1b739
[2022-06-27 05:37:47] (1s)  >>> Created relation m#Preprocessor::PreprocessorDirective::getHead_dispred#bf/1@c1b739 with 4512 rows.
[2022-06-27 05:37:47] (1s) Starting to evaluate predicate Preprocessor::PreprocessorDirective::getHead_dispred#bf/2@19a333
[2022-06-27 05:37:47] (1s)  >>> Created relation Preprocessor::PreprocessorDirective::getHead_dispred#bf/2@19a333 with 4506 rows.
[2022-06-27 05:37:47] (1s) Starting to evaluate predicate Include::Include::getIncludeText_dispred#ff/2@a5385e
[2022-06-27 05:37:47] (1s)  >>> Created relation Include::Include::getIncludeText_dispred#ff/2@a5385e with 135 rows.
[2022-06-27 05:37:47] (1s) Starting to evaluate predicate Macro::Macro::getHead_dispred#ff/2@72540a
[2022-06-27 05:37:47] (1s)  >>> Created relation Macro::Macro::getHead_dispred#ff/2@72540a with 12343 rows.
[2022-06-27 05:37:47] (1s) Starting to evaluate predicate Macro::Macro::getBody_dispred#ff/2@f2352f
[2022-06-27 05:37:47] (1s)  >>> Created relation Macro::Macro::getBody_dispred#ff/2@f2352f with 12343 rows.
[2022-06-27 05:37:47] (1s)  >>> Created relation derivations/5@b6e41b with 1 rows.
[2022-06-27 05:37:47] (1s)  >>> Created relation sizeof_bind/2@2062e9 with 361 rows.
[2022-06-27 05:37:47] (1s) Starting to evaluate predicate Cast::SizeofTypeOperator::getTypeOperand_dispred#ff/2@59c5e7
[2022-06-27 05:37:47] (1s)  >>> Created relation Cast::SizeofTypeOperator::getTypeOperand_dispred#ff/2@59c5e7 with 360 rows.
[2022-06-27 05:37:47] (1s) Starting to evaluate predicate Cast::SizeofTypeOperator::getTypeOperand_dispred#ff_10#join_rhs/2@b7a37b
[2022-06-27 05:37:47] (1s)  >>> Created relation Cast::SizeofTypeOperator::getTypeOperand_dispred#ff_10#join_rhs/2@b7a37b with 360 rows.
[2022-06-27 05:37:47] (1s)  >>> Created relation usings/3@67c96c with 1 rows.
[2022-06-27 05:37:47] (1s) Starting to evaluate predicate usings_102#join_rhs/3@c6e2ed
[2022-06-27 05:37:47] (1s)  >>> Created relation usings_102#join_rhs/3@c6e2ed with 1 rows.
[2022-06-27 05:37:47] (1s) Starting to evaluate predicate Namespace::UsingDirectiveEntry::getNamespace_dispred#ff/2@e94668
[2022-06-27 05:37:47] (1s)  >>> Created relation Namespace::UsingDirectiveEntry::getNamespace_dispred#ff/2@e94668 with 0 rows.
[2022-06-27 05:37:47] (1s) Inferred that Namespace::UsingDirectiveEntry::getNamespace_dispred#ff_10#join_rhs/2@266964 is empty, due to Namespace::UsingDirectiveEntry::getNamespace_dispred#ff/2@e94668.
[2022-06-27 05:37:47] (1s)  >>> Created relation Namespace::UsingDirectiveEntry::getNamespace_dispred#ff_10#join_rhs/2@266964 with 0 rows.
[2022-06-27 05:37:47] (1s)  >>> Created relation type_mentions/4@2cc4ca with 22480 rows.
[2022-06-27 05:37:47] (1s)  >>> Created relation attribute_args/5@81ee45 with 103 rows.
[2022-06-27 05:37:47] (1s) Starting to evaluate predicate attribute_args_10#join_rhs/2@c0ae91
[2022-06-27 05:37:47] (1s)  >>> Created relation attribute_args_10#join_rhs/2@c0ae91 with 103 rows.
[2022-06-27 05:37:47] (1s) Starting to evaluate predicate Cast::AlignofTypeOperator::getTypeOperand_dispred#ff/2@00e2b2
[2022-06-27 05:37:47] (1s)  >>> Created relation Cast::AlignofTypeOperator::getTypeOperand_dispred#ff/2@00e2b2 with 1 rows.
[2022-06-27 05:37:47] (1s) Starting to evaluate predicate Call::Call#f/1@1235cd
[2022-06-27 05:37:47] (1s)  >>> Created relation Call::Call#f/1@1235cd with 1622 rows.
[2022-06-27 05:37:47] (1s) Starting to evaluate predicate Call::FunctionCall#f/1@a727ef
[2022-06-27 05:37:47] (1s)  >>> Created relation Call::FunctionCall#f/1@a727ef with 714 rows.
[2022-06-27 05:37:47] (1s) Starting to evaluate predicate Call::FunctionCall::getTarget#ff/2@26ac6c
[2022-06-27 05:37:47] (1s)  >>> Created relation Call::FunctionCall::getTarget#ff/2@26ac6c with 714 rows.
[2022-06-27 05:37:47] (1s)  >>> Created relation macroinvocations/4@0494b3 with 292291 rows.
[2022-06-27 05:37:47] (1s)  >>> Created relation namespace_decls/4@11fb67 with 1 rows.
[2022-06-27 05:37:47] (1s) Starting to evaluate predicate Element::ElementBase::toString_dispred#ff#antijoin_rhs#8/1@8bea8b
[2022-06-27 05:37:47] (1s)  >>> Created relation Element::ElementBase::toString_dispred#ff#antijoin_rhs#8/1@8bea8b with 462 rows.
[2022-06-27 05:37:47] (1s)  >>> Created relation lambda_capture/7@3dab4e with 0 rows.
[2022-06-27 05:37:47] (1s) Starting to evaluate predicate Macro::Macro::getBody_dispred#ff_10#join_rhs/2@a6db21
[2022-06-27 05:37:47] (1s)  >>> Created relation Macro::Macro::getBody_dispred#ff_10#join_rhs/2@a6db21 with 12343 rows.
[2022-06-27 05:37:47] (1s) Starting to evaluate predicate Element::ElementBase::toString_dispred#ff#antijoin_rhs#7/1@a1ffae
[2022-06-27 05:37:47] (1s)  >>> Created relation Element::ElementBase::toString_dispred#ff#antijoin_rhs#7/1@a1ffae with 650 rows.
[2022-06-27 05:37:47] (1s) Starting to evaluate predicate Expr::UnaryOperation#class#f/1@d557af
[2022-06-27 05:37:47] (1s)  >>> Created relation Expr::UnaryOperation#class#f/1@d557af with 455 rows.
[2022-06-27 05:37:47] (1s)  >>> Created relation uuidof_bind/2@2f6ff9 with 0 rows.
[2022-06-27 05:37:47] (1s) Inferred that Cast::UuidofOperator::getTypeOperand_dispred#ff/2@055999 is empty, due to uuidof_bind/2@2f6ff9.
[2022-06-27 05:37:47] (1s) Inferred that project#Cast::UuidofOperator::getTypeOperand_dispred#ff/1@33f0f3 is empty, due to Cast::UuidofOperator::getTypeOperand_dispred#ff/2@055999.
[2022-06-27 05:37:47] (1s)  >>> Created relation project#Cast::UuidofOperator::getTypeOperand_dispred#ff/1@33f0f3 with 0 rows.
[2022-06-27 05:37:47] (1s)  >>> Created relation Cast::UuidofOperator::getTypeOperand_dispred#ff/2@055999 with 0 rows.
[2022-06-27 05:37:47] (1s)  >>> Created relation initialisers/4@b2b18d with 6454 rows.
[2022-06-27 05:37:47] (1s) Starting to evaluate predicate Element::ElementBase::toString_dispred#ff#max_range/2@93fb2d
[2022-06-27 05:37:47] (1s)  >>> Created relation Element::ElementBase::toString_dispred#ff#max_range/2@93fb2d with 6454 rows.
[2022-06-27 05:37:47] (1s) Starting to evaluate predicate Element::ElementBase::toString_dispred#ff#max_term/3@306a36
[2022-06-27 05:37:47] (1s)  >>> Created relation Element::ElementBase::toString_dispred#ff#max_term/3@306a36 with 6454 rows.
[2022-06-27 05:37:47] (1s) Starting to evaluate predicate Expr::Expr::getChild_dispred#fff/3@bb187c
[2022-06-27 05:37:47] (1s)  >>> Created relation Expr::Expr::getChild_dispred#fff/3@bb187c with 15490 rows.
[2022-06-27 05:37:47] (1s)  >>> Created relation static_asserts/5@4e6983 with 1 rows.
[2022-06-27 05:37:47] (1s) Starting to evaluate predicate project#Stmt::Stmt::getChild_dispred#fff#2/1@498e9b
[2022-06-27 05:37:48] (1s)  >>> Created relation project#Stmt::Stmt::getChild_dispred#fff#2/1@498e9b with 9 rows.
[2022-06-27 05:37:48] (1s)  >>> Created relation fold/3@55638c with 0 rows.
[2022-06-27 05:37:48] (1s) Inferred that fold_02#join_rhs/2@7685ec is empty, due to fold/3@55638c.
[2022-06-27 05:37:48] (1s) Inferred that fold_20#join_rhs/2@fe2795 is empty, due to fold/3@55638c.
[2022-06-27 05:37:48] (1s) Inferred that Element::ElementBase::toString_dispred#ff#antijoin_rhs#6/1@cd5749 is empty, due to fold_20#join_rhs/2@fe2795.
[2022-06-27 05:37:48] (1s)  >>> Created relation fold_02#join_rhs/2@7685ec with 0 rows.
[2022-06-27 05:37:48] (1s)  >>> Created relation fold_20#join_rhs/2@fe2795 with 0 rows.
[2022-06-27 05:37:48] (1s)  >>> Created relation Element::ElementBase::toString_dispred#ff#antijoin_rhs#6/1@cd5749 with 0 rows.
[2022-06-27 05:37:48] (1s) Starting to evaluate predicate Expr::Expr::getChild_dispred#fff_02#count_range/2@43c6fb
[2022-06-27 05:37:48] (1s)  >>> Created relation Expr::Expr::getChild_dispred#fff_02#count_range/2@43c6fb with 15490 rows.
[2022-06-27 05:37:48] (1s) Starting to evaluate predicate Expr::FoldExpr::isUnaryFold_dispred#f#join_rhs/2@7ab67d
[2022-06-27 05:37:48] (1s)  >>> Created relation Expr::FoldExpr::isUnaryFold_dispred#f#join_rhs/2@7ab67d with 7239 rows.
[2022-06-27 05:37:48] (1s) Starting to evaluate predicate Expr::FoldExpr::isUnaryFold_dispred#f/1@904153
[2022-06-27 05:37:48] (1s)  >>> Created relation Expr::FoldExpr::isUnaryFold_dispred#f/1@904153 with 0 rows.
[2022-06-27 05:37:48] (1s)  >>> Created relation namequalifiers/4@f96bca with 0 rows.
[2022-06-27 05:37:48] (1s) Starting to evaluate predicate NameQualifiers::NameQualifyingElement::getName_dispred#ff/2@32d742
[2022-06-27 05:37:48] (1s)  >>> Created relation NameQualifiers::NameQualifyingElement::getName_dispred#ff/2@32d742 with 8204 rows.
[2022-06-27 05:37:48] (1s) Starting to evaluate predicate Element::ElementBase::toString_dispred#ff#shared#1/1@d0ec3c
[2022-06-27 05:37:48] (1s)  >>> Created relation Element::ElementBase::toString_dispred#ff#shared#1/1@d0ec3c with 8310 rows.
[2022-06-27 05:37:48] (1s) Starting to evaluate predicate Element::ElementBase::toString_dispred#ff#antijoin_rhs#5/1@c4e7a4
[2022-06-27 05:37:48] (1s)  >>> Created relation Element::ElementBase::toString_dispred#ff#antijoin_rhs#5/1@c4e7a4 with 4580 rows.
[2022-06-27 05:37:48] (1s) Starting to evaluate predicate Element::ElementBase::toString_dispred#ff#antijoin_rhs#2/1@889630
[2022-06-27 05:37:48] (1s)  >>> Created relation Element::ElementBase::toString_dispred#ff#antijoin_rhs#2/1@889630 with 0 rows.
[2022-06-27 05:37:48] (1s)  >>> Created relation attribute_arg_type/2@cc4760 with 0 rows.
[2022-06-27 05:37:48] (1s) Inferred that Specifier::AttributeArgument::getValueType_dispred#ff/2@74c140 is empty, due to attribute_arg_type/2@cc4760.
[2022-06-27 05:37:48] (1s)  >>> Created relation Specifier::AttributeArgument::getValueType_dispred#ff/2@74c140 with 0 rows.
[2022-06-27 05:37:48] (1s)  >>> Created relation attribute_arg_value/2@6d33f5 with 103 rows.
[2022-06-27 05:37:48] (1s) Starting to evaluate predicate Element::ElementBase::toString_dispred#ff#antijoin_rhs#3/1@b45147
[2022-06-27 05:37:48] (1s)  >>> Created relation Element::ElementBase::toString_dispred#ff#antijoin_rhs#3/1@b45147 with 0 rows.
[2022-06-27 05:37:48] (1s)  >>> Created relation attribute_arg_name/2@9b44c2 with 0 rows.
[2022-06-27 05:37:48] (1s) Inferred that attribute_arg_name_0#antijoin_rhs/1@2229c9 is empty, due to attribute_arg_name/2@9b44c2.
[2022-06-27 05:37:48] (1s)  >>> Created relation attribute_arg_name_0#antijoin_rhs/1@2229c9 with 0 rows.
[2022-06-27 05:37:48] (1s) Starting to evaluate predicate Declaration::DeclarationEntry::isDefinition_dispred#f/1@403f39
[2022-06-27 05:37:48] (1s)  >>> Created relation Declaration::DeclarationEntry::isDefinition_dispred#f/1@403f39 with 17976 rows.
[2022-06-27 05:37:48] (1s) Starting to evaluate predicate Element::ElementBase::toString_dispred#ff#shared/2@933aec
[2022-06-27 05:37:48] (1s)  >>> Created relation Element::ElementBase::toString_dispred#ff#shared/2@933aec with 16660 rows.
[2022-06-27 05:37:48] (1s) Starting to evaluate predicate Element::ElementBase::toString_dispred#ff#antijoin_rhs#4/2@cbfd5d
[2022-06-27 05:37:48] (1s)  >>> Created relation Element::ElementBase::toString_dispred#ff#antijoin_rhs#4/2@cbfd5d with 16657 rows.
[2022-06-27 05:37:48] (1s) Starting to evaluate predicate Namespace::UsingDeclarationEntry#class#f#antijoin_rhs/1@b29e73
[2022-06-27 05:37:48] (1s)  >>> Created relation Namespace::UsingDeclarationEntry#class#f#antijoin_rhs/1@b29e73 with 0 rows.
[2022-06-27 05:37:48] (1s) Starting to evaluate predicate Namespace::UsingDeclarationEntry#class#f/1@00d198
[2022-06-27 05:37:48] (1s)  >>> Created relation Namespace::UsingDeclarationEntry#class#f/1@00d198 with 1 rows.
[2022-06-27 05:37:48] (1s) Starting to evaluate predicate Declaration::Declaration#class#f/1@edbf54
[2022-06-27 05:37:48] (1s)  >>> Created relation Declaration::Declaration#class#f/1@edbf54 with 40049 rows.
[2022-06-27 05:37:48] (1s) Starting to evaluate predicate Namespace::UsingDeclarationEntry::getDeclaration_dispred#ff/2@d6ad98
[2022-06-27 05:37:48] (1s)  >>> Created relation Namespace::UsingDeclarationEntry::getDeclaration_dispred#ff/2@d6ad98 with 0 rows.
[2022-06-27 05:37:48] (1s) Inferred that Namespace::UsingDeclarationEntry::getDeclaration_dispred#ff_10#join_rhs/2@66cf5a is empty, due to Namespace::UsingDeclarationEntry::getDeclaration_dispred#ff/2@d6ad98.
[2022-06-27 05:37:48] (1s)  >>> Created relation Namespace::UsingDeclarationEntry::getDeclaration_dispred#ff_10#join_rhs/2@66cf5a with 0 rows.
[2022-06-27 05:37:48] (1s) Starting to evaluate predicate project#Call::FunctionCall::getTarget#ff/1@4f488f
[2022-06-27 05:37:48] (1s)  >>> Created relation project#Call::FunctionCall::getTarget#ff/1@4f488f with 133 rows.
[2022-06-27 05:37:48] (1s) Starting to evaluate predicate MemberFunction::MemberFunction#b/1@76e4c2
[2022-06-27 05:37:48] (1s)  >>> Created relation MemberFunction::MemberFunction#b/1@76e4c2 with 0 rows.
[2022-06-27 05:37:48] (1s) Inferred that MemberFunction::Constructor#class#b/1@b8edbd is empty, due to MemberFunction::MemberFunction#b/1@76e4c2.
[2022-06-27 05:37:48] (1s) Inferred that MemberFunction::Destructor#class#b/1@e01393 is empty, due to MemberFunction::MemberFunction#b/1@76e4c2.
[2022-06-27 05:37:48] (1s) Inferred that Call::ConstructorCall#class#f/1@b50f53 is empty, due to MemberFunction::Constructor#class#b/1@b8edbd.
[2022-06-27 05:37:48] (1s) Inferred that Call::DestructorCall#class#f/1@dd1881 is empty, due to MemberFunction::Destructor#class#b/1@e01393.
[2022-06-27 05:37:48] (1s)  >>> Created relation Call::DestructorCall#class#f/1@dd1881 with 0 rows.
[2022-06-27 05:37:48] (1s)  >>> Created relation Call::ConstructorCall#class#f/1@b50f53 with 0 rows.
[2022-06-27 05:37:48] (1s)  >>> Created relation MemberFunction::Constructor#class#b/1@b8edbd with 0 rows.
[2022-06-27 05:37:48] (1s)  >>> Created relation MemberFunction::Destructor#class#b/1@e01393 with 0 rows.
[2022-06-27 05:37:48] (1s) Starting to evaluate predicate Call::Call::getTarget_dispred#ff/2@6446f5
[2022-06-27 05:37:48] (1s)  >>> Created relation Call::Call::getTarget_dispred#ff/2@6446f5 with 714 rows.
[2022-06-27 05:37:48] (1s) Starting to evaluate predicate project#Call::Call::getTarget_dispred#ff/1@218477
[2022-06-27 05:37:48] (1s)  >>> Created relation project#Call::Call::getTarget_dispred#ff/1@218477 with 714 rows.
[2022-06-27 05:37:48] (1s)  >>> Created relation values/2@1c9a49 with 13785 rows.
[2022-06-27 05:37:48] (1s)  >>> Created relation valuebind/2@c2ad3a with 14153 rows.
[2022-06-27 05:37:48] (1s) Starting to evaluate predicate valuebind_10#join_rhs/2@b8c48f
[2022-06-27 05:37:48] (1s)  >>> Created relation valuebind_10#join_rhs/2@b8c48f with 14153 rows.
[2022-06-27 05:37:48] (1s) Starting to evaluate predicate Expr::Expr::getValue_dispred#bf/2@dff23b
[2022-06-27 05:37:48] (1s)  >>> Created relation Expr::Expr::getValue_dispred#bf/2@dff23b with 9283 rows.
[2022-06-27 05:37:48] (1s) Starting to evaluate predicate Expr::Expr::getValue_dispred#bf_0#antijoin_rhs/1@5e11ce
[2022-06-27 05:37:48] (1s)  >>> Created relation Expr::Expr::getValue_dispred#bf_0#antijoin_rhs/1@5e11ce with 9283 rows.
[2022-06-27 05:37:48] (1s) Starting to evaluate predicate Element::ElementBase::toString_dispred#ff/2@7b359f
[2022-06-27 05:37:48] (2s)  >>> Created relation Element::ElementBase::toString_dispred#ff/2@7b359f with 524233 rows.
[2022-06-27 05:37:48] (2s) Promoting strings for predicate Element::ElementBase::toString_dispred#ff
[2022-06-27 05:37:48] (2s) Promoted strings in predicate Element::ElementBase::toString_dispred#ff in memory, took 283ms
[2022-06-27 05:37:48] (2s) Saving stringpool to save strings from predicate Element::ElementBase::toString_dispred#ff
[2022-06-27 05:37:48] (2s) Saved stringpool to save strings from predicate Element::ElementBase::toString_dispred#ff, took 0ms
[2022-06-27 05:37:48] (2s)  >>> Created relation Element::ElementBase::toString_dispred#ff/2@ce0acb with 524233 rows.
[2022-06-27 05:37:48] CSV_CACHE_DIFF: Element::ElementBase::toString_dispred#ff (sizeofonpointer.ql),1.985,1.424,0.415,0.115,0.028,0.004,0,0,0,0,0,0,0
[2022-06-27 05:37:48] CSV_IMB_QUERIES: Stage,Element::ElementBase::toString_dispred#ff,sizeofonpointer.ql,3,Success,1.985,524233,2840
[2022-06-27 05:37:48] (2s) Beginning execution of sizeofonpointer.ql
[2022-06-27 05:37:48] (2s) Starting to evaluate predicate derivedtypes_20#join_rhs/2@393654
[2022-06-27 05:37:48] Duplicate data written to relation which was assumed to be duplicate-free
[2022-06-27 05:37:48] (2s)  >>> Created relation derivedtypes_20#join_rhs/2@393654 with 11330 rows.
[2022-06-27 05:37:48] (2s) Starting to evaluate predicate m#Class::Class::getCanonicalMember_dispred#ffb/1@287b8a
[2022-06-27 05:37:48] (2s)  >>> Created relation m#Class::Class::getCanonicalMember_dispred#ffb/1@287b8a with 11755 rows.
[2022-06-27 05:37:48] (2s) Starting to evaluate predicate Class::Class::getCanonicalMember_dispred#ffb/3@18a3eb
[2022-06-27 05:37:48] (2s)  >>> Created relation Class::Class::getCanonicalMember_dispred#ffb/3@18a3eb with 12499 rows.
[2022-06-27 05:37:48] (2s) Starting to evaluate predicate Variable::MemberVariable#f/1@c82b98
[2022-06-27 05:37:49] (2s)  >>> Created relation Variable::MemberVariable#f/1@c82b98 with 11755 rows.
[2022-06-27 05:37:49] (2s) Starting to evaluate predicate Field::Field#class#f/1@cf0a4c
[2022-06-27 05:37:49] (2s)  >>> Created relation Field::Field#class#f/1@cf0a4c with 11755 rows.
[2022-06-27 05:37:49] (2s) Starting to evaluate predicate Access::FieldAccess#class#f/1@4f27cd
[2022-06-27 05:37:49] (2s)  >>> Created relation Access::FieldAccess#class#f/1@4f27cd with 1723 rows.
[2022-06-27 05:37:49] (2s) Starting to evaluate predicate Access::Access::getTarget_dispred#ff/2@39a64f
[2022-06-27 05:37:49] (2s)  >>> Created relation Access::Access::getTarget_dispred#ff/2@39a64f with 9250 rows.
[2022-06-27 05:37:49] (2s) Starting to evaluate predicate project#Access::Access::getTarget_dispred#ff/1@50c92f
[2022-06-27 05:37:49] (2s)  >>> Created relation project#Access::Access::getTarget_dispred#ff/1@50c92f with 2596 rows.
[2022-06-27 05:37:49] (2s) Starting to evaluate predicate Variable::MemberVariable::getAType_dispred#bf/2@1d277f
[2022-06-27 05:37:49] (2s)  >>> Created relation Variable::MemberVariable::getAType_dispred#bf/2@1d277f with 471 rows.
[2022-06-27 05:37:49] (2s) Starting to evaluate predicate Variable::Variable::getType_dispred#bf#shared/2@5a6f78
[2022-06-27 05:37:49] (2s)  >>> Created relation Variable::Variable::getType_dispred#bf#shared/2@5a6f78 with 454 rows.
[2022-06-27 05:37:49] (2s) Starting to evaluate predicate Variable::Variable::getType_dispred#bf#antijoin_rhs/1@925f32
[2022-06-27 05:37:49] (2s)  >>> Created relation Variable::Variable::getType_dispred#bf#antijoin_rhs/1@925f32 with 437 rows.
[2022-06-27 05:37:49] (2s)  >>> Created relation unspecifiedtype/2@8cced6 with 20837 rows.
[2022-06-27 05:37:49] (2s) Starting to evaluate predicate Type::Type::getUnspecifiedType#ff/2@83dc84
[2022-06-27 05:37:49] (2s)  >>> Created relation Type::Type::getUnspecifiedType#ff/2@83dc84 with 20837 rows.
[2022-06-27 05:37:49] (2s) Starting to evaluate predicate Variable::Variable::getType_dispred#bf#join_rhs/2@70cc4e
[2022-06-27 05:37:49] (2s)  >>> Created relation Variable::Variable::getType_dispred#bf#join_rhs/2@70cc4e with 454 rows.
[2022-06-27 05:37:49] (2s) Starting to evaluate predicate Variable::Variable::getType_dispred#bf/2@34aa23
[2022-06-27 05:37:49] (2s)  >>> Created relation Variable::Variable::getType_dispred#bf/2@34aa23 with 2689 rows.
[2022-06-27 05:37:49] (2s) Starting to evaluate predicate Variable::Variable::getUnspecifiedType_dispred#bf/2@785696
[2022-06-27 05:37:49] (2s)  >>> Created relation Variable::Variable::getUnspecifiedType_dispred#bf/2@785696 with 2688 rows.
[2022-06-27 05:37:49] (2s) Starting to evaluate predicate Variable::Variable::getUnspecifiedType_dispred#bf_10#join_rhs/2@8fe0ff
[2022-06-27 05:37:49] (2s)  >>> Created relation Variable::Variable::getUnspecifiedType_dispred#bf_10#join_rhs/2@8fe0ff with 2688 rows.
[2022-06-27 05:37:49] (2s) Starting to evaluate predicate Access::Access::getTarget_dispred#ff_10#join_rhs/2@b4fec1
[2022-06-27 05:37:49] (2s)  >>> Created relation Access::Access::getTarget_dispred#ff_10#join_rhs/2@b4fec1 with 9250 rows.
[2022-06-27 05:37:49] (2s) Starting to evaluate predicate m#Cast::SizeofExprOperator::getExprOperand_dispred#fb/1@6253b0
[2022-06-27 05:37:49] (2s)  >>> Created relation m#Cast::SizeofExprOperator::getExprOperand_dispred#fb/1@6253b0 with 6074 rows.
[2022-06-27 05:37:49] (2s) Starting to evaluate predicate Expr::Expr::getChild_dispred#fff_120#join_rhs/3@7a65e7
[2022-06-27 05:37:49] (2s)  >>> Created relation Expr::Expr::getChild_dispred#fff_120#join_rhs/3@7a65e7 with 15490 rows.
[2022-06-27 05:37:49] (2s) Starting to evaluate predicate Cast::SizeofExprOperator::getExprOperand_dispred#fb/2@48a319
[2022-06-27 05:37:49] (2s)  >>> Created relation Cast::SizeofExprOperator::getExprOperand_dispred#fb/2@48a319 with 7 rows.
[2022-06-27 05:37:49] (2s) Starting to evaluate predicate Cast::SizeofExprOperator::getExprOperand_dispred#fb_10#join_rhs/2@f8b8e5
[2022-06-27 05:37:49] (2s)  >>> Created relation Cast::SizeofExprOperator::getExprOperand_dispred#fb_10#join_rhs/2@f8b8e5 with 7 rows.
[2022-06-27 05:37:49] (2s) Starting to evaluate predicate #select#cpe#1#f/1@745863
[2022-06-27 05:37:49] (2s)  >>> Created relation #select#cpe#1#f/1@745863 with 7 rows.
[2022-06-27 05:37:49] (2s) Starting to evaluate predicate Expr::Expr::getParent_dispred#bf/2@76d674
[2022-06-27 05:37:49] (2s)  >>> Created relation Expr::Expr::getParent_dispred#bf/2@76d674 with 25075 rows.
[2022-06-27 05:37:49] (2s) Starting to evaluate predicate Expr::Expr::getParent_dispred#bf_10#join_rhs/2@8f9fff
[2022-06-27 05:37:49] (2s)  >>> Created relation Expr::Expr::getParent_dispred#bf_10#join_rhs/2@8f9fff with 25075 rows.
[2022-06-27 05:37:49] (2s) Starting to evaluate predicate project#Element::ElementBase::toString_dispred/1@60de6c
[2022-06-27 05:37:49] (3s)  >>> Created relation project#Element::ElementBase::toString_dispred/1@60de6c with 523960 rows.
[2022-06-27 05:37:49] (3s)  >>> Created relation locations_expr/6@d555f9 with 12719 rows.
[2022-06-27 05:37:49] (3s) Starting to evaluate predicate locations_expr_23450#join_rhs/5@3d73f3
[2022-06-27 05:37:49] (3s)  >>> Created relation locations_expr_23450#join_rhs/5@3d73f3 with 12719 rows.
[2022-06-27 05:37:49] (3s) Starting to evaluate predicate files_10#join_rhs/2@2fb454
[2022-06-27 05:37:49] (3s)  >>> Created relation files_10#join_rhs/2@2fb454 with 95 rows.
[2022-06-27 05:37:49] (3s)  >>> Created relation locations_stmt/6@4cf233 with 3227 rows.
[2022-06-27 05:37:49] (3s)  >>> Created relation locations_default/6@d0a81f with 146676 rows.
[2022-06-27 05:37:49] (3s) Starting to evaluate predicate Location::Location::fullLocationInfo_dispred#bfffff/6@55da43
[2022-06-27 05:37:49] (3s)  >>> Created relation Location::Location::fullLocationInfo_dispred#bfffff/6@55da43 with 162622 rows.
[2022-06-27 05:37:49] (3s) Starting to evaluate predicate Location::Location::fullLocationInfo_dispred#bfffff_10#join_rhs/2@62d5ad
[2022-06-27 05:37:49] (3s)  >>> Created relation Location::Location::fullLocationInfo_dispred#bfffff_10#join_rhs/2@62d5ad with 162622 rows.
[2022-06-27 05:37:49] (3s) Starting to evaluate predicate Location::UnknownLocation#b/1@197df2
[2022-06-27 05:37:49] (3s)  >>> Created relation Location::UnknownLocation#b/1@197df2 with 3 rows.
[2022-06-27 05:37:49] (3s) Starting to evaluate predicate Location::UnknownExprLocation#class#f/1@317659
[2022-06-27 05:37:49] (3s)  >>> Created relation Location::UnknownExprLocation#class#f/1@317659 with 1 rows.
[2022-06-27 05:37:49] (3s) Starting to evaluate predicate Expr::Expr::getExprLocationOverride#ff#join_rhs/2@6ae399
[2022-06-27 05:37:49] (3s)  >>> Created relation Expr::Expr::getExprLocationOverride#ff#join_rhs/2@6ae399 with 2920 rows.
[2022-06-27 05:37:49] (3s) Starting to evaluate predicate Expr::Expr::getExprLocationOverride#ff/2@i1#10b2fw (iteration 1)
[2022-06-27 05:37:49] (3s) 			 - Expr::Expr::getExprLocationOverride#ff_delta has 22 rows (order for disjuncts: delta=<standard>).
[2022-06-27 05:37:49] (3s) Starting to evaluate predicate Expr::Expr::getExprLocationOverride#ff/2@i2#10b2fw (iteration 2)
[2022-06-27 05:37:49] (3s) 			 - Expr::Expr::getExprLocationOverride#ff_delta has 5 rows (order for disjuncts: delta=3163).
[2022-06-27 05:37:49] (3s) Starting to evaluate predicate Expr::Expr::getExprLocationOverride#ff/2@i3#10b2fw (iteration 3)
[2022-06-27 05:37:49] (3s) Empty delta for Expr::Expr::getExprLocationOverride#ff_delta (order for disjuncts: delta=3163).
[2022-06-27 05:37:49] (3s) Accumulating deltas
[2022-06-27 05:37:49] (3s)  >>> Created relation Expr::Expr::getExprLocationOverride#ff/2@10b2fw with 27 rows.
[2022-06-27 05:37:49] (3s) Starting to evaluate predicate project#Expr::Expr::getExprLocationOverride#ff/1@225052
[2022-06-27 05:37:49] (3s)  >>> Created relation project#Expr::Expr::getExprLocationOverride#ff/1@225052 with 27 rows.
[2022-06-27 05:37:49] (3s) Starting to evaluate predicate Expr::Expr::getLocation_dispred#bf/2@6b3a1f
[2022-06-27 05:37:49] (3s)  >>> Created relation Expr::Expr::getLocation_dispred#bf/2@6b3a1f with 7 rows.
[2022-06-27 05:37:49] (3s) Starting to evaluate predicate #select#query#ffffffff#shared/3@95ed7f
[2022-06-27 05:37:49] (3s)  >>> Created relation #select#query#ffffffff#shared/3@95ed7f with 7 rows.
[2022-06-27 05:37:49] (3s) Starting to evaluate predicate Expr::Expr::getLocation_dispred#bf_10#join_rhs/2@ed2ef3
[2022-06-27 05:37:49] (3s)  >>> Created relation Expr::Expr::getLocation_dispred#bf_10#join_rhs/2@ed2ef3 with 7 rows.
[2022-06-27 05:37:49] (3s) Starting to evaluate predicate Location::Location::hasLocationInfo_dispred#bfffff/6@95fefc
[2022-06-27 05:37:49] (3s)  >>> Created relation Location::Location::hasLocationInfo_dispred#bfffff/6@95fefc with 5 rows.
[2022-06-27 05:37:49] (3s) Starting to evaluate predicate #select#query#ffffffff#antijoin_rhs/2@887772
[2022-06-27 05:37:49] (3s)  >>> Created relation #select#query#ffffffff#antijoin_rhs/2@887772 with 7 rows.
[2022-06-27 05:37:49] (3s) Starting to evaluate predicate #select#query#ffffffff/8@4b5888
[2022-06-27 05:37:49] (3s)  >>> Created relation #select#query#ffffffff/8@4b5888 with 7 rows.
[2022-06-27 05:37:49] (3s) Query done
[2022-06-27 05:37:49] CSV_CACHE_DIFF: #select#query#ffffffff (sizeofonpointer.ql),0.397,0.234,0.086,0.031,0.047,0,0,0,0,0,0,0,0
[2022-06-27 05:37:49] (3s) Sequence stamp origin is -6439987932860585680
[2022-06-27 05:37:49] (3s) Pausing evaluation to sync to disk at sequence stamp o+0
[2022-06-27 05:37:49] (3s) Will trim disk cache to check for obsolete items before writing 5.42MiB (currently using 0.00B).
[2022-06-27 05:37:49] (3s) After trimming, disk cache uses 0.00B.
[2022-06-27 05:37:49] (3s) Unpausing evaluation
[2022-06-27 05:37:49] CSV_IMB_QUERIES: Query,#select#query#ffffffff,sizeofonpointer.ql,4,Success,0.397,7,3438
[2022-06-27 05:37:49] Evaluation of C:\CQL\codeql_home\Windows-Driver-Developer-Supplemental-Tools\codeql\windows-drivers\queries\codeql-custom-queries-cpp\sizeofonpointer\query\sizeofonpointer.ql produced BQRS results.
[2022-06-27 05:37:49] [PROGRESS] execute queries> [1/1 eval 3.5s] Evaluation done; writing results to windows-drivers\codeql-custom-queries-cpp\sizeofonpointer\query\sizeofonpointer.bqrs.
[2022-06-27 05:37:49] [PROGRESS] execute queries> Shutting down query evaluator.
[2022-06-27 05:37:49] Pausing evaluation to close the cache at sequence stamp o+1
[2022-06-27 05:37:49] Doing closing disk-cache trim now.
[2022-06-27 05:37:49] After trimming, disk cache uses 1.74MiB.
[2022-06-27 05:37:49] Unpausing evaluation
[2022-06-27 05:37:49] Terminating normally.
