  Building 'USBDriver3' with toolset 'WindowsKernelModeDriver10.0' and the 'Universal' target platform.
  Stamping x64\Debug\USBDriver3.inf
  Stamping [Version] section with DriverVer=06/26/2022,22.14.45.233
  Device.cpp
  Generating Code...
  Compiling...
  Driver.c
  Generating Code...
  Compiling...
  Queue.cpp
  Generating Code...
  USBDriver3.vcxproj -> C:\CQL\codeql_home\Windows-Driver-Developer-Supplemental-Tools\codeql\windows-drivers\queries\EXP\USBDriver3\x64\Debug\USBDriver3.sys
  Done Adding Additional Store
  Successfully signed: C:\CQL\codeql_home\Windows-Driver-Developer-Supplemental-Tools\codeql\windows-drivers\queries\EXP\USBDriver3\x64\Debug\USBDriver3.sys
  
  Driver is 'Universal'.
  ........................
  Signability test complete.
  
  Errors:
  None
  
  Warnings:
  None
  
  Catalog generation complete.
  C:\CQL\codeql_home\Windows-Driver-Developer-Supplemental-Tools\codeql\windows-drivers\queries\EXP\USBDriver3\x64\Debug\USBDriver3\usbdriver3.cat
  Done Adding Additional Store
  Successfully signed: C:\CQL\codeql_home\Windows-Driver-Developer-Supplemental-Tools\codeql\windows-drivers\queries\EXP\USBDriver3\x64\Debug\USBDriver3\usbdriver3.cat
  
