c:\cql\codeql_home\windows-driver-developer-supplemental-tools\codeql\windows-drivers\queries\codeql-custom-queries-cpp\sizeofonpointer\usbdriver3\x64\release\vc143.pdb
c:\cql\codeql_home\windows-driver-developer-supplemental-tools\codeql\windows-drivers\queries\codeql-custom-queries-cpp\sizeofonpointer\usbdriver3\x64\release\device.obj
c:\cql\codeql_home\windows-driver-developer-supplemental-tools\codeql\windows-drivers\queries\codeql-custom-queries-cpp\sizeofonpointer\usbdriver3\x64\release\driver.obj
c:\cql\codeql_home\windows-driver-developer-supplemental-tools\codeql\windows-drivers\queries\codeql-custom-queries-cpp\sizeofonpointer\usbdriver3\x64\release\queue.obj
c:\cql\codeql_home\windows-driver-developer-supplemental-tools\codeql\windows-drivers\queries\codeql-custom-queries-cpp\sizeofonpointer\usbdriver3\x64\release\usbdriver3\usbdriver3.cat
c:\cql\codeql_home\windows-driver-developer-supplemental-tools\codeql\windows-drivers\queries\codeql-custom-queries-cpp\sizeofonpointer\usbdriver3\x64\release\usbdriver3.sys
c:\cql\codeql_home\windows-driver-developer-supplemental-tools\codeql\windows-drivers\queries\codeql-custom-queries-cpp\sizeofonpointer\usbdriver3\x64\release\usbdriver3.pdb
c:\cql\codeql_home\windows-driver-developer-supplemental-tools\codeql\windows-drivers\queries\codeql-custom-queries-cpp\sizeofonpointer\usbdriver3\x64\release\usbdriver3.inf
c:\cql\codeql_home\windows-driver-developer-supplemental-tools\codeql\windows-drivers\queries\codeql-custom-queries-cpp\sizeofonpointer\usbdriver3\x64\release\device.tmh
c:\cql\codeql_home\windows-driver-developer-supplemental-tools\codeql\windows-drivers\queries\codeql-custom-queries-cpp\sizeofonpointer\usbdriver3\x64\release\driver.tmh
c:\cql\codeql_home\windows-driver-developer-supplemental-tools\codeql\windows-drivers\queries\codeql-custom-queries-cpp\sizeofonpointer\usbdriver3\x64\release\queue.tmh
c:\cql\codeql_home\windows-driver-developer-supplemental-tools\codeql\windows-drivers\queries\codeql-custom-queries-cpp\sizeofonpointer\usbdriver3\x64\release\usbdriver3.cer
c:\cql\codeql_home\windows-driver-developer-supplemental-tools\codeql\windows-drivers\queries\codeql-custom-queries-cpp\sizeofonpointer\usbdriver3\x64\release\usbdriver3.tlog\cl.command.1.tlog
c:\cql\codeql_home\windows-driver-developer-supplemental-tools\codeql\windows-drivers\queries\codeql-custom-queries-cpp\sizeofonpointer\usbdriver3\x64\release\usbdriver3.tlog\cl.read.1.tlog
c:\cql\codeql_home\windows-driver-developer-supplemental-tools\codeql\windows-drivers\queries\codeql-custom-queries-cpp\sizeofonpointer\usbdriver3\x64\release\usbdriver3.tlog\cl.write.1.tlog
c:\cql\codeql_home\windows-driver-developer-supplemental-tools\codeql\windows-drivers\queries\codeql-custom-queries-cpp\sizeofonpointer\usbdriver3\x64\release\usbdriver3.tlog\inf2cat-expand.12656.read.1.tlog
c:\cql\codeql_home\windows-driver-developer-supplemental-tools\codeql\windows-drivers\queries\codeql-custom-queries-cpp\sizeofonpointer\usbdriver3\x64\release\usbdriver3.tlog\inf2cat-expand.12656.write.1.tlog
c:\cql\codeql_home\windows-driver-developer-supplemental-tools\codeql\windows-drivers\queries\codeql-custom-queries-cpp\sizeofonpointer\usbdriver3\x64\release\usbdriver3.tlog\inf2cat-expand.read.1.tlog
c:\cql\codeql_home\windows-driver-developer-supplemental-tools\codeql\windows-drivers\queries\codeql-custom-queries-cpp\sizeofonpointer\usbdriver3\x64\release\usbdriver3.tlog\inf2cat-expand.write.1.tlog
c:\cql\codeql_home\windows-driver-developer-supplemental-tools\codeql\windows-drivers\queries\codeql-custom-queries-cpp\sizeofonpointer\usbdriver3\x64\release\usbdriver3.tlog\inf2cat.command.1.tlog
c:\cql\codeql_home\windows-driver-developer-supplemental-tools\codeql\windows-drivers\queries\codeql-custom-queries-cpp\sizeofonpointer\usbdriver3\x64\release\usbdriver3.tlog\inf2cat.read.1.tlog
c:\cql\codeql_home\windows-driver-developer-supplemental-tools\codeql\windows-drivers\queries\codeql-custom-queries-cpp\sizeofonpointer\usbdriver3\x64\release\usbdriver3.tlog\inf2cat.write.1.tlog
c:\cql\codeql_home\windows-driver-developer-supplemental-tools\codeql\windows-drivers\queries\codeql-custom-queries-cpp\sizeofonpointer\usbdriver3\x64\release\usbdriver3.tlog\link.command.1.tlog
c:\cql\codeql_home\windows-driver-developer-supplemental-tools\codeql\windows-drivers\queries\codeql-custom-queries-cpp\sizeofonpointer\usbdriver3\x64\release\usbdriver3.tlog\link.read.1.tlog
c:\cql\codeql_home\windows-driver-developer-supplemental-tools\codeql\windows-drivers\queries\codeql-custom-queries-cpp\sizeofonpointer\usbdriver3\x64\release\usbdriver3.tlog\link.write.1.tlog
c:\cql\codeql_home\windows-driver-developer-supplemental-tools\codeql\windows-drivers\queries\codeql-custom-queries-cpp\sizeofonpointer\usbdriver3\x64\release\usbdriver3.tlog\signtool.command.1.tlog
c:\cql\codeql_home\windows-driver-developer-supplemental-tools\codeql\windows-drivers\queries\codeql-custom-queries-cpp\sizeofonpointer\usbdriver3\x64\release\usbdriver3.tlog\signtool.read.1.tlog
c:\cql\codeql_home\windows-driver-developer-supplemental-tools\codeql\windows-drivers\queries\codeql-custom-queries-cpp\sizeofonpointer\usbdriver3\x64\release\usbdriver3.tlog\signtool.timestamp.1.tlog
c:\cql\codeql_home\windows-driver-developer-supplemental-tools\codeql\windows-drivers\queries\codeql-custom-queries-cpp\sizeofonpointer\usbdriver3\x64\release\usbdriver3.tlog\signtool.write.1.tlog
c:\cql\codeql_home\windows-driver-developer-supplemental-tools\codeql\windows-drivers\queries\codeql-custom-queries-cpp\sizeofonpointer\usbdriver3\x64\release\usbdriver3.tlog\stampinf.command.1.tlog
c:\cql\codeql_home\windows-driver-developer-supplemental-tools\codeql\windows-drivers\queries\codeql-custom-queries-cpp\sizeofonpointer\usbdriver3\x64\release\usbdriver3.tlog\stampinf.read.1.tlog
c:\cql\codeql_home\windows-driver-developer-supplemental-tools\codeql\windows-drivers\queries\codeql-custom-queries-cpp\sizeofonpointer\usbdriver3\x64\release\usbdriver3.tlog\stampinf.write.1.tlog
c:\cql\codeql_home\windows-driver-developer-supplemental-tools\codeql\windows-drivers\queries\codeql-custom-queries-cpp\sizeofonpointer\usbdriver3\x64\release\usbdriver3.tlog\tracewpp.command.1.tlog
c:\cql\codeql_home\windows-driver-developer-supplemental-tools\codeql\windows-drivers\queries\codeql-custom-queries-cpp\sizeofonpointer\usbdriver3\x64\release\usbdriver3.tlog\tracewpp.read.1.tlog
c:\cql\codeql_home\windows-driver-developer-supplemental-tools\codeql\windows-drivers\queries\codeql-custom-queries-cpp\sizeofonpointer\usbdriver3\x64\release\usbdriver3.tlog\tracewpp.write.1.tlog
