[2022-06-30 07:11:47] This is codeql database analyze ..\..\databases\C28135 --format=sarifv2.1.0 --output=..\..\AnalysisFiles\C28135 ..\..\queries\C28135\C28135.ql
[2022-06-30 07:11:47] Log file was started late.
[2022-06-30 07:11:47] [PROGRESS] database analyze> Running queries.
[2022-06-30 07:11:47] Running plumbing command: codeql database run-queries --evaluator-log-level=1 --ml-model-path= --native-library-path= --warnings=show --qlconfig-file=C:\CQL\codeql_home\Windows-Driver-Developer-Supplemental-Tools\codeql\windows-drivers\queries\PortedQueries\out\C28135\qlconfig.yml --no-rerun -- C:\CQL\codeql_home\Windows-Driver-Developer-Supplemental-Tools\codeql\windows-drivers\queries\PortedQueries\databases\C28135 ..\..\queries\C28135\C28135.ql
[2022-06-30 07:11:47] Calling plumbing command: codeql resolve ram --format=json
[2022-06-30 07:11:47] Plumbing command codeql resolve ram completed:
                      [
                        "-J-Xmx4045M",
                        "--off-heap-ram=4045"
                      ]
[2022-06-30 07:11:47] Spawning plumbing command: execute queries -J-Xmx4045M --off-heap-ram=4045 --verbosity=progress --logdir=C:\CQL\codeql_home\Windows-Driver-Developer-Supplemental-Tools\codeql\windows-drivers\queries\PortedQueries\databases\C28135\log --evaluator-log-level=1 --ml-model-path=C:\CQL\codeql_home\Windows-Driver-Developer-Supplemental-Tools\codeql\windows-drivers\queries\PortedQueries\out\C28135 --native-library-path=C:\CQL\codeql_home\Windows-Driver-Developer-Supplemental-Tools\codeql\windows-drivers\queries\PortedQueries\out\C28135 --warnings=show --qlconfig-file=C:\CQL\codeql_home\Windows-Driver-Developer-Supplemental-Tools\codeql\windows-drivers\queries\PortedQueries\out\C28135\qlconfig.yml --no-rerun --output=C:\CQL\codeql_home\Windows-Driver-Developer-Supplemental-Tools\codeql\windows-drivers\queries\PortedQueries\databases\C28135\results -- C:\CQL\codeql_home\Windows-Driver-Developer-Supplemental-Tools\codeql\windows-drivers\queries\PortedQueries\databases\C28135\db-cpp ..\..\queries\C28135\C28135.ql
[2022-06-30 07:11:52] Plumbing command codeql execute queries terminated with status 0.
[2022-06-30 07:11:52] Plumbing command codeql database run-queries completed with status 0.
[2022-06-30 07:11:52] [PROGRESS] database analyze> Interpreting results.
[2022-06-30 07:11:52] Running plumbing command: codeql database interpret-results --format=sarifv2.1.0 -o=C:\CQL\codeql_home\Windows-Driver-Developer-Supplemental-Tools\codeql\windows-drivers\queries\PortedQueries\AnalysisFiles\C28135 --max-paths=4 --csv-location-format=line-column --print-diagnostics-summary --print-metrics-summary --qlconfig-file=C:\CQL\codeql_home\Windows-Driver-Developer-Supplemental-Tools\codeql\windows-drivers\queries\PortedQueries\out\C28135\qlconfig.yml -- C:\CQL\codeql_home\Windows-Driver-Developer-Supplemental-Tools\codeql\windows-drivers\queries\PortedQueries\databases\C28135 ..\..\queries\C28135\C28135.ql
[2022-06-30 07:11:52] Calling plumbing command: codeql resolve queries --qlconfig-file=C:\CQL\codeql_home\Windows-Driver-Developer-Supplemental-Tools\codeql\windows-drivers\queries\PortedQueries\out\C28135\qlconfig.yml --format=json -- ..\..\queries\C28135\C28135.ql
[2022-06-30 07:11:52] Plumbing command codeql resolve queries completed:
                      [
                        "C:\\CQL\\codeql_home\\Windows-Driver-Developer-Supplemental-Tools\\codeql\\windows-drivers\\queries\\PortedQueries\\queries\\C28135\\C28135.ql"
                      ]
[2022-06-30 07:11:52] [DETAILS] database interpret-results> Scanning for qlpack.yml from C:\CQL\codeql_home\codeql\.codeqlmanifest.json
[2022-06-30 07:11:52] [DETAILS] database interpret-results> Scanning for qlpack.yml from C:\CQL\codeql_home\
[2022-06-30 07:11:52] [DETAILS] database interpret-results> Not scanning from C:\CQL\codeql_home\codeql which is already done.
[2022-06-30 07:11:52] [DETAILS] database interpret-results> Scanning for qlpack.yml from C:\CQL\codeql_home\Windows-Driver-Developer-Supplemental-Tools\.codeqlmanifest.json
[2022-06-30 07:11:52] [DETAILS] database interpret-results> Scanning for qlpack.yml from C:\CQL\codeql_home\Windows-Driver-Developer-Supplemental-Tools\codeql\codeql-queries\.codeqlmanifest.json
[2022-06-30 07:11:52] [DETAILS] database interpret-results> Scanning for qlpack.yml from C:\CQL\codeql_home\Windows-Driver-Developer-Supplemental-Tools\codeql\codeql-queries\ruby\.codeqlmanifest.json
[2022-06-30 07:11:52] [PROGRESS] database interpret-results> Interpreting C:\CQL\codeql_home\Windows-Driver-Developer-Supplemental-Tools\codeql\windows-drivers\queries\PortedQueries\queries\C28135\C28135.ql...
[2022-06-30 07:11:52] Calling plumbing command: codeql resolve library-path --query=C:\CQL\codeql_home\Windows-Driver-Developer-Supplemental-Tools\codeql\windows-drivers\queries\PortedQueries\queries\C28135\C28135.ql --full-library-path=none --dbscheme=none --format=json
[2022-06-30 07:11:52] [DETAILS] resolve library-path> Resolving query at normalized path C:\CQL\codeql_home\Windows-Driver-Developer-Supplemental-Tools\codeql\windows-drivers\queries\PortedQueries\queries\C28135\C28135.ql.
[2022-06-30 07:11:52] [DETAILS] resolve library-path> Found enclosing pack 'windows-drivers' at C:\CQL\codeql_home\Windows-Driver-Developer-Supplemental-Tools\codeql\windows-drivers\queries.
[2022-06-30 07:11:52] [DETAILS] resolve library-path> Adding compilation cache at C:\CQL\codeql_home\Windows-Driver-Developer-Supplemental-Tools\codeql\windows-drivers\queries\.cache.
[2022-06-30 07:11:52] [DETAILS] resolve library-path> Dbscheme was explicitly overridden as C:\CQL\codeql_home\Windows-Driver-Developer-Supplemental-Tools\codeql\windows-drivers\queries\PortedQueries\out\C28135\none
[2022-06-30 07:11:52] [DETAILS] resolve library-path> Library path was overridden on command line.
[2022-06-30 07:11:52] Plumbing command codeql resolve library-path completed:
                      {
                        "libraryPath" : [
                          "C:\\CQL\\codeql_home\\Windows-Driver-Developer-Supplemental-Tools\\codeql\\windows-drivers\\queries\\PortedQueries\\out\\C28135\\none"
                        ],
                        "dbscheme" : "C:\\CQL\\codeql_home\\Windows-Driver-Developer-Supplemental-Tools\\codeql\\windows-drivers\\queries\\PortedQueries\\out\\C28135\\none",
                        "compilationCache" : [
                          "C:\\CQL\\codeql_home\\Windows-Driver-Developer-Supplemental-Tools\\codeql\\windows-drivers\\queries\\.cache"
                        ],
                        "relativeName" : "windows-drivers\\PortedQueries\\queries\\C28135\\C28135.ql",
                        "qlPackName" : "windows-drivers"
                      }
[2022-06-30 07:11:52] [DETAILS] database interpret-results>  ... found results file at C:\CQL\codeql_home\Windows-Driver-Developer-Supplemental-Tools\codeql\windows-drivers\queries\PortedQueries\databases\C28135\results\windows-drivers\PortedQueries\queries\C28135\C28135.bqrs.
[2022-06-30 07:11:52] [DETAILS] database interpret-results> Intepreted problem query "KE_WAIT_LOCAL" (cpp/portedqueries/kewaitlocal) at path C:\CQL\codeql_home\Windows-Driver-Developer-Supplemental-Tools\codeql\windows-drivers\queries\PortedQueries\queries\C28135\C28135.ql.
[2022-06-30 07:12:00] Plumbing command codeql database interpret-results completed.
[2022-06-30 07:12:00] Terminating normally.
