[2022-07-08 06:43:54] This is codeql database analyze databases\C28143 --format=sarifv2.1.0 --output=AnalysisFiles\C28143 queries\C28143\C28143.ql
[2022-07-08 06:43:54] Log file was started late.
[2022-07-08 06:43:54] [PROGRESS] database analyze> Running queries.
[2022-07-08 06:43:54] Running plumbing command: codeql database run-queries --evaluator-log-level=1 --ml-model-path= --native-library-path= --warnings=show --qlconfig-file=C:\CQL\codeql_home\Windows-Driver-Developer-Supplemental-Tools\codeql\windows-drivers\queries\PortedQueries\qlconfig.yml --no-rerun -- C:\CQL\codeql_home\Windows-Driver-Developer-Supplemental-Tools\codeql\windows-drivers\queries\PortedQueries\databases\C28143 queries\C28143\C28143.ql
[2022-07-08 06:43:55] Calling plumbing command: codeql resolve ram --format=json
[2022-07-08 06:43:55] Plumbing command codeql resolve ram completed:
                      [
                        "-J-Xmx4045M",
                        "--off-heap-ram=4045"
                      ]
[2022-07-08 06:43:55] Spawning plumbing command: execute queries -J-Xmx4045M --off-heap-ram=4045 --verbosity=progress --logdir=C:\CQL\codeql_home\Windows-Driver-Developer-Supplemental-Tools\codeql\windows-drivers\queries\PortedQueries\databases\C28143\log --evaluator-log-level=1 --ml-model-path=C:\CQL\codeql_home\Windows-Driver-Developer-Supplemental-Tools\codeql\windows-drivers\queries\PortedQueries --native-library-path=C:\CQL\codeql_home\Windows-Driver-Developer-Supplemental-Tools\codeql\windows-drivers\queries\PortedQueries --warnings=show --qlconfig-file=C:\CQL\codeql_home\Windows-Driver-Developer-Supplemental-Tools\codeql\windows-drivers\queries\PortedQueries\qlconfig.yml --no-rerun --output=C:\CQL\codeql_home\Windows-Driver-Developer-Supplemental-Tools\codeql\windows-drivers\queries\PortedQueries\databases\C28143\results -- C:\CQL\codeql_home\Windows-Driver-Developer-Supplemental-Tools\codeql\windows-drivers\queries\PortedQueries\databases\C28143\db-cpp queries\C28143\C28143.ql
[2022-07-08 06:43:57] Plumbing command codeql execute queries terminated with status 0.
[2022-07-08 06:43:57] Plumbing command codeql database run-queries completed with status 0.
[2022-07-08 06:43:57] [PROGRESS] database analyze> Interpreting results.
[2022-07-08 06:43:57] Running plumbing command: codeql database interpret-results --format=sarifv2.1.0 -o=C:\CQL\codeql_home\Windows-Driver-Developer-Supplemental-Tools\codeql\windows-drivers\queries\PortedQueries\AnalysisFiles\C28143 --max-paths=4 --csv-location-format=line-column --print-diagnostics-summary --print-metrics-summary --qlconfig-file=C:\CQL\codeql_home\Windows-Driver-Developer-Supplemental-Tools\codeql\windows-drivers\queries\PortedQueries\qlconfig.yml -- C:\CQL\codeql_home\Windows-Driver-Developer-Supplemental-Tools\codeql\windows-drivers\queries\PortedQueries\databases\C28143 queries\C28143\C28143.ql
[2022-07-08 06:43:57] Calling plumbing command: codeql resolve queries --qlconfig-file=C:\CQL\codeql_home\Windows-Driver-Developer-Supplemental-Tools\codeql\windows-drivers\queries\PortedQueries\qlconfig.yml --format=json -- queries\C28143\C28143.ql
[2022-07-08 06:43:57] Plumbing command codeql resolve queries completed:
                      [
                        "C:\\CQL\\codeql_home\\Windows-Driver-Developer-Supplemental-Tools\\codeql\\windows-drivers\\queries\\PortedQueries\\queries\\C28143\\C28143.ql"
                      ]
[2022-07-08 06:43:57] [DETAILS] database interpret-results> Scanning for qlpack.yml from C:\CQL\codeql_home\codeql\.codeqlmanifest.json
[2022-07-08 06:43:57] [DETAILS] database interpret-results> Scanning for qlpack.yml from C:\CQL\codeql_home\
[2022-07-08 06:43:57] [DETAILS] database interpret-results> Not scanning from C:\CQL\codeql_home\codeql which is already done.
[2022-07-08 06:43:57] [DETAILS] database interpret-results> Scanning for qlpack.yml from C:\CQL\codeql_home\Windows-Driver-Developer-Supplemental-Tools\.codeqlmanifest.json
[2022-07-08 06:43:57] [DETAILS] database interpret-results> Scanning for qlpack.yml from C:\CQL\codeql_home\Windows-Driver-Developer-Supplemental-Tools\codeql\codeql-queries\.codeqlmanifest.json
[2022-07-08 06:43:58] [DETAILS] database interpret-results> Scanning for qlpack.yml from C:\CQL\codeql_home\Windows-Driver-Developer-Supplemental-Tools\codeql\codeql-queries\ruby\.codeqlmanifest.json
[2022-07-08 06:43:58] [PROGRESS] database interpret-results> Interpreting C:\CQL\codeql_home\Windows-Driver-Developer-Supplemental-Tools\codeql\windows-drivers\queries\PortedQueries\queries\C28143\C28143.ql...
[2022-07-08 06:43:58] Calling plumbing command: codeql resolve library-path --query=C:\CQL\codeql_home\Windows-Driver-Developer-Supplemental-Tools\codeql\windows-drivers\queries\PortedQueries\queries\C28143\C28143.ql --full-library-path=none --dbscheme=none --format=json
[2022-07-08 06:43:58] [DETAILS] resolve library-path> Resolving query at normalized path C:\CQL\codeql_home\Windows-Driver-Developer-Supplemental-Tools\codeql\windows-drivers\queries\PortedQueries\queries\C28143\C28143.ql.
[2022-07-08 06:43:58] [DETAILS] resolve library-path> Found enclosing pack 'windows-drivers' at C:\CQL\codeql_home\Windows-Driver-Developer-Supplemental-Tools\codeql\windows-drivers\queries.
[2022-07-08 06:43:58] [DETAILS] resolve library-path> Adding compilation cache at C:\CQL\codeql_home\Windows-Driver-Developer-Supplemental-Tools\codeql\windows-drivers\queries\.cache.
[2022-07-08 06:43:58] [DETAILS] resolve library-path> Dbscheme was explicitly overridden as C:\CQL\codeql_home\Windows-Driver-Developer-Supplemental-Tools\codeql\windows-drivers\queries\PortedQueries\none
[2022-07-08 06:43:58] [DETAILS] resolve library-path> Library path was overridden on command line.
[2022-07-08 06:43:58] Plumbing command codeql resolve library-path completed:
                      {
                        "libraryPath" : [
                          "C:\\CQL\\codeql_home\\Windows-Driver-Developer-Supplemental-Tools\\codeql\\windows-drivers\\queries\\PortedQueries\\none"
                        ],
                        "dbscheme" : "C:\\CQL\\codeql_home\\Windows-Driver-Developer-Supplemental-Tools\\codeql\\windows-drivers\\queries\\PortedQueries\\none",
                        "compilationCache" : [
                          "C:\\CQL\\codeql_home\\Windows-Driver-Developer-Supplemental-Tools\\codeql\\windows-drivers\\queries\\.cache"
                        ],
                        "relativeName" : "windows-drivers\\PortedQueries\\queries\\C28143\\C28143.ql",
                        "qlPackName" : "windows-drivers"
                      }
[2022-07-08 06:43:58] [DETAILS] database interpret-results>  ... found results file at C:\CQL\codeql_home\Windows-Driver-Developer-Supplemental-Tools\codeql\windows-drivers\queries\PortedQueries\databases\C28143\results\windows-drivers\PortedQueries\queries\C28143\C28143.bqrs.
[2022-07-08 06:43:58] [DETAILS] database interpret-results> Intepreted problem query "PENDING_STATUS_ERROR" (cpp/portedqueries/pendingstatuserror) at path C:\CQL\codeql_home\Windows-Driver-Developer-Supplemental-Tools\codeql\windows-drivers\queries\PortedQueries\queries\C28143\C28143.ql.
[2022-07-08 06:44:10] Plumbing command codeql database interpret-results completed.
[2022-07-08 06:44:10] Terminating normally.
