[2022-07-08 06:43:55] This is codeql execute queries -J-Xmx4045M --off-heap-ram=4045 --verbosity=progress --logdir=C:\CQL\codeql_home\Windows-Driver-Developer-Supplemental-Tools\codeql\windows-drivers\queries\PortedQueries\databases\C28143\log --evaluator-log-level=1 --ml-model-path=C:\CQL\codeql_home\Windows-Driver-Developer-Supplemental-Tools\codeql\windows-drivers\queries\PortedQueries --native-library-path=C:\CQL\codeql_home\Windows-Driver-Developer-Supplemental-Tools\codeql\windows-drivers\queries\PortedQueries --warnings=show --qlconfig-file=C:\CQL\codeql_home\Windows-Driver-Developer-Supplemental-Tools\codeql\windows-drivers\queries\PortedQueries\qlconfig.yml --no-rerun --output=C:\CQL\codeql_home\Windows-Driver-Developer-Supplemental-Tools\codeql\windows-drivers\queries\PortedQueries\databases\C28143\results -- C:\CQL\codeql_home\Windows-Driver-Developer-Supplemental-Tools\codeql\windows-drivers\queries\PortedQueries\databases\C28143\db-cpp queries\C28143\C28143.ql
[2022-07-08 06:43:55] Calling plumbing command: codeql resolve queries --qlconfig-file=C:\CQL\codeql_home\Windows-Driver-Developer-Supplemental-Tools\codeql\windows-drivers\queries\PortedQueries\qlconfig.yml --format=json -- queries\C28143\C28143.ql
[2022-07-08 06:43:56] Plumbing command codeql resolve queries completed:
                      [
                        "C:\\CQL\\codeql_home\\Windows-Driver-Developer-Supplemental-Tools\\codeql\\windows-drivers\\queries\\PortedQueries\\queries\\C28143\\C28143.ql"
                      ]
[2022-07-08 06:43:56] Creating executor with 1 threads.
[2022-07-08 06:43:57] Calling plumbing command: codeql resolve library-path --qlconfig-file=C:\CQL\codeql_home\Windows-Driver-Developer-Supplemental-Tools\codeql\windows-drivers\queries\PortedQueries\qlconfig.yml --query=C:\CQL\codeql_home\Windows-Driver-Developer-Supplemental-Tools\codeql\windows-drivers\queries\PortedQueries\queries\C28143\C28143.ql --format=json
[2022-07-08 06:43:57] [DETAILS] resolve library-path> Resolving query at normalized path C:\CQL\codeql_home\Windows-Driver-Developer-Supplemental-Tools\codeql\windows-drivers\queries\PortedQueries\queries\C28143\C28143.ql.
[2022-07-08 06:43:57] [DETAILS] resolve library-path> Found enclosing pack 'windows-drivers' at C:\CQL\codeql_home\Windows-Driver-Developer-Supplemental-Tools\codeql\windows-drivers\queries.
[2022-07-08 06:43:57] [DETAILS] resolve library-path> Adding compilation cache at C:\CQL\codeql_home\Windows-Driver-Developer-Supplemental-Tools\codeql\windows-drivers\queries\.cache.
[2022-07-08 06:43:57] [DETAILS] resolve library-path> Resolving library dependencies from C:\CQL\codeql_home\Windows-Driver-Developer-Supplemental-Tools\codeql\windows-drivers\queries\qlpack.yml.
[2022-07-08 06:43:57] [DETAILS] resolve library-path> QL pack dependencies for C:\CQL\codeql_home\Windows-Driver-Developer-Supplemental-Tools\codeql\windows-drivers\queries resolved OK.
[2022-07-08 06:43:57] [DETAILS] resolve library-path> Found dbscheme through QL packs: C:\CQL\codeql_home\Windows-Driver-Developer-Supplemental-Tools\codeql\codeql-queries\cpp\ql\lib\semmlecode.cpp.dbscheme.
[2022-07-08 06:43:57] Plumbing command codeql resolve library-path completed:
                      {
                        "libraryPath" : [
                          "C:\\CQL\\codeql_home\\Windows-Driver-Developer-Supplemental-Tools\\codeql\\windows-drivers\\queries",
                          "C:\\CQL\\codeql_home\\Windows-Driver-Developer-Supplemental-Tools\\codeql\\codeql-queries\\cpp\\ql\\lib",
                          "C:\\CQL\\codeql_home\\Windows-Driver-Developer-Supplemental-Tools\\codeql\\codeql-queries\\cpp\\upgrades"
                        ],
                        "dbscheme" : "C:\\CQL\\codeql_home\\Windows-Driver-Developer-Supplemental-Tools\\codeql\\codeql-queries\\cpp\\ql\\lib\\semmlecode.cpp.dbscheme",
                        "compilationCache" : [
                          "C:\\CQL\\codeql_home\\Windows-Driver-Developer-Supplemental-Tools\\codeql\\windows-drivers\\queries\\.cache"
                        ],
                        "relativeName" : "windows-drivers\\PortedQueries\\queries\\C28143\\C28143.ql",
                        "qlPackName" : "windows-drivers"
                      }
[2022-07-08 06:43:57] [PROGRESS] execute queries> [1/1] No need to rerun C:\CQL\codeql_home\Windows-Driver-Developer-Supplemental-Tools\codeql\windows-drivers\queries\PortedQueries\queries\C28143\C28143.ql.
[2022-07-08 06:43:57] [PROGRESS] execute queries> Shutting down query evaluator.
[2022-07-08 06:43:57] Sequence stamp origin is -6435888935229632511
[2022-07-08 06:43:57] Pausing evaluation to close the cache at sequence stamp o+0
[2022-07-08 06:43:57] The disk cache is freshly trimmed; leave it be.
[2022-07-08 06:43:57] Unpausing evaluation
[2022-07-08 06:43:57] Terminating normally.
